[22/02/21 23:02:19:633 GMT]  INFO publishing.PublisherAPIImpl: Start of Bundler: RuleBundler
[22/02/21 23:02:19:635 GMT]  INFO publishing.PublisherAPIImpl: End of Bundler: RuleBundler
[22/02/21 23:02:19:635 GMT]  INFO publishing.PublisherAPIImpl: Start of Bundler: LinkBundler
[22/02/21 23:02:19:637 GMT]  INFO publishing.PublisherAPIImpl: End of Bundler: LinkBundler
[22/02/21 23:02:19:637 GMT]  INFO publishing.PublisherAPIImpl: Start of Bundler: ContentTypeBundler
[22/02/21 23:02:19:645 GMT]  INFO publishing.PublisherAPIImpl: End of Bundler: ContentTypeBundler
[22/02/21 23:02:19:645 GMT]  INFO publishing.PublisherAPIImpl: Start of Bundler: RelationshipBundler
[22/02/21 23:02:19:645 GMT]  INFO publishing.PublisherAPIImpl: End of Bundler: RelationshipBundler
[22/02/21 23:02:19:645 GMT]  INFO publishing.PublisherAPIImpl: Start of Bundler: LanguageVariablesBundler
[22/02/21 23:02:19:649 GMT]  INFO publishing.PublisherAPIImpl: End of Bundler: LanguageVariablesBundler
[22/02/21 23:02:19:649 GMT]  INFO publishing.PublisherAPIImpl: Start of Bundler: WorkflowBundler
[22/02/21 23:02:19:683 GMT]  INFO publishing.PublisherAPIImpl: End of Bundler: WorkflowBundler
[22/02/21 23:02:19:683 GMT]  INFO publishing.PublisherAPIImpl: Start of Bundler: LanguageBundler
[22/02/21 23:02:19:684 GMT]  INFO publishing.PublisherAPIImpl: End of Bundler: LanguageBundler
[22/02/21 23:02:19:684 GMT]  INFO publishing.PublisherAPIImpl: Start of Bundler: BundleXMLAsc
[22/02/21 23:02:19:684 GMT]  INFO publishing.PublisherAPIImpl: End of Bundler: BundleXMLAsc
[22/02/21 23:02:19:684 GMT]  INFO publishing.PublisherAPIImpl: Start of Bundler: CategoryBundler
[22/02/21 23:02:19:684 GMT]  INFO publishing.PublisherAPIImpl: End of Bundler: CategoryBundler
[22/02/21 23:02:19:685 GMT]  INFO util.PushPublishLogger: class com.dotcms.publishing.PublisherAPIImpl : [BundleID: 01EZ5ZNBM3DCWACMWGQNTCAY7C] Completed Publishing Task
[22/02/21 23:02:19:697 GMT]  INFO junit.RuleWatcher: >>>>>>>>>>>>>>>>>>>>>>>>>>
[22/02/21 23:02:19:698 GMT]  INFO junit.RuleWatcher: >>> publish[15: com.dotcms.publishing.PublisherAPIImplTest$TestCase@57479a12](com.dotcms.publishing.PublisherAPIImplTest) - starting...
[22/02/21 23:02:19:698 GMT]  INFO junit.RuleWatcher: >>>>>>>>>>>>>>>>>>>>>>>>>>
[22/02/21 23:02:19:699 GMT]  INFO publishing.PublisherAPIImplTest: languageVariables [com.dotmarketing.portlets.contentlet.model.Contentlet@35dad183[map={owner=system, identifier=a11ab19a-666e-41e0-8266-31981fc948a5, nullProperties=[wfExpireDate, filterKey, whereToSend, wfPublishDate, wfNeverExpire, wfActionAssign, iWantTo, wfActionId, wfPublishTime, wfActionComments, wfExpireTime], modDate=2021-02-22 22:13:45.757, languageId=1614032025726, inode=a73e0409-0557-4977-8f24-5b0e46ea7d72, folder=SYSTEM_FOLDER, disabledWYSIWYG=[], sortOrder=0, modUser=system, host=8a7d5e23-da1e-420a-b4f0-471e7da8ea2d, stInode=f4d7c1b8-2c88-4071-abf1-a5328977b07d, value=key-exists-as-contentletb2a5135d61works, key=key-exists-as-contentletb2a5135d61},lowIndexPriority=false], com.dotmarketing.portlets.contentlet.model.Contentlet@4054d46a[map={owner=system, identifier=5afdb29a-5d6b-484e-91a1-c05d54c02a80, nullProperties=[wfExpireDate, filterKey, whereToSend, wfPublishDate, wfNeverExpire, wfActionAssign, iWantTo, wfActionId, wfPublishTime, wfActionComments, wfExpireTime], modDate=2021-02-22 22:10:14.413, languageId=1, inode=3b7972ff-4cf4-41f5-a423-03f7ccf3b254, folder=SYSTEM_FOLDER, disabledWYSIWYG=[], sortOrder=0, modUser=dotcms.org.1, host=SYSTEM_HOST, stInode=f4d7c1b8-2c88-4071-abf1-a5328977b07d, value=test, key=testVarname1614030376393.test1614030376393.name},lowIndexPriority=false], com.dotmarketing.portlets.contentlet.model.Contentlet@3b28b4e6[map={owner=system, identifier=d1c3fdb1-c7ef-49df-90fb-d180c5ddcc6f, nullProperties=[wfExpireDate, filterKey, whereToSend, wfPublishDate, wfNeverExpire, wfActionAssign, iWantTo, wfActionId, wfPublishTime, wfActionComments, wfExpireTime], modDate=2021-02-22 21:46:16.02, languageId=1, inode=a590f960-87ce-4e93-ae46-6c833d26e022, folder=SYSTEM_FOLDER, disabledWYSIWYG=[], sortOrder=0, modUser=system, host=SYSTEM_HOST, stInode=f4d7c1b8-2c88-4071-abf1-a5328977b07d, value=test, key=testVarname1614030375717.test1614030375717.name},lowIndexPriority=false]]
[22/02/21 23:02:19:699 GMT]  INFO util.StdOutErrLog: [class com.dotcms.publishing.PublisherAPIImplTest$PushPublisherMock]
[22/02/21 23:02:19:709 GMT]  INFO util.PushPublishLogger: class com.dotcms.publishing.PublisherAPIImpl : [BundleID: 01EZ5ZNBSNT42RTPPMTCVCBDKZ] Started Publishing Task
[22/02/21 23:02:19:709 GMT]  INFO publishing.PublisherAPIImpl: Writing bundle.xml file
[22/02/21 23:02:19:710 GMT]  INFO publishing.PublisherAPIImpl: Start of Bundler: DependencyBundler
[22/02/21 23:02:19:730 GMT]  INFO util.DependencyManager: PublisherFilter { excludeClassesSet = [] , excludeDependencyClassesSet = [] , excludeQueryIds = [] , excludeDependencyQueryIds = [] , relationships = true , dependencies = true}
[22/02/21 23:02:19:773 GMT]  INFO publishing.PublisherAPIImpl: End of Bundler: DependencyBundler
[22/02/21 23:02:19:773 GMT]  INFO publishing.PublisherAPIImpl: Start of Bundler: HostBundler
[22/02/21 23:02:19:777 GMT]  INFO bundler.HostBundler: Searching for ContentletVersionInfo. Identifier: 8a7d5e23-da1e-420a-b4f0-471e7da8ea2d. Language:1
[22/02/21 23:02:19:781 GMT]  INFO bundler.HostBundler: Searching for ContentletVersionInfo. Identifier: 8a7d5e23-da1e-420a-b4f0-471e7da8ea2d. Language:1
[22/02/21 23:02:19:784 GMT]  INFO publishing.PublisherAPIImpl: End of Bundler: HostBundler
[22/02/21 23:02:19:784 GMT]  INFO publishing.PublisherAPIImpl: Start of Bundler: ContentBundler
[22/02/21 23:02:19:797 GMT]  INFO publishing.PublisherAPIImpl: End of Bundler: ContentBundler
[22/02/21 23:02:19:797 GMT]  INFO publishing.PublisherAPIImpl: Start of Bundler: FolderBundler
[22/02/21 23:02:19:797 GMT]  INFO publishing.PublisherAPIImpl: End of Bundler: FolderBundler
[22/02/21 23:02:19:797 GMT]  INFO publishing.PublisherAPIImpl: Start of Bundler: TemplateBundler
[22/02/21 23:02:19:797 GMT]  INFO publishing.PublisherAPIImpl: End of Bundler: TemplateBundler
[22/02/21 23:02:19:797 GMT]  INFO publishing.PublisherAPIImpl: Start of Bundler: ContainerBundler
[22/02/21 23:02:19:797 GMT]  INFO publishing.PublisherAPIImpl: End of Bundler: ContainerBundler
[22/02/21 23:02:19:797 GMT]  INFO publishing.PublisherAPIImpl: Start of Bundler: RuleBundler
[22/02/21 23:02:19:798 GMT]  INFO publishing.PublisherAPIImpl: End of Bundler: RuleBundler
[22/02/21 23:02:19:798 GMT]  INFO publishing.PublisherAPIImpl: Start of Bundler: LinkBundler
[22/02/21 23:02:19:798 GMT]  INFO publishing.PublisherAPIImpl: End of Bundler: LinkBundler
[22/02/21 23:02:19:798 GMT]  INFO publishing.PublisherAPIImpl: Start of Bundler: ContentTypeBundler
[22/02/21 23:02:19:805 GMT]  INFO publishing.PublisherAPIImpl: End of Bundler: ContentTypeBundler
[22/02/21 23:02:19:805 GMT]  INFO publishing.PublisherAPIImpl: Start of Bundler: RelationshipBundler
[22/02/21 23:02:19:805 GMT]  INFO publishing.PublisherAPIImpl: End of Bundler: RelationshipBundler
[22/02/21 23:02:19:805 GMT]  INFO publishing.PublisherAPIImpl: Start of Bundler: LanguageVariablesBundler
[22/02/21 23:02:19:809 GMT]  INFO publishing.PublisherAPIImpl: End of Bundler: LanguageVariablesBundler
[22/02/21 23:02:19:809 GMT]  INFO publishing.PublisherAPIImpl: Start of Bundler: WorkflowBundler
[22/02/21 23:02:19:842 GMT]  INFO publishing.PublisherAPIImpl: End of Bundler: WorkflowBundler
[22/02/21 23:02:19:842 GMT]  INFO publishing.PublisherAPIImpl: Start of Bundler: LanguageBundler
[22/02/21 23:02:19:843 GMT]  INFO publishing.PublisherAPIImpl: End of Bundler: LanguageBundler
[22/02/21 23:02:19:843 GMT]  INFO publishing.PublisherAPIImpl: Start of Bundler: BundleXMLAsc
[22/02/21 23:02:19:843 GMT]  INFO publishing.PublisherAPIImpl: End of Bundler: BundleXMLAsc
[22/02/21 23:02:19:843 GMT]  INFO publishing.PublisherAPIImpl: Start of Bundler: CategoryBundler
[22/02/21 23:02:19:843 GMT]  INFO publishing.PublisherAPIImpl: End of Bundler: CategoryBundler
[22/02/21 23:02:19:843 GMT]  INFO util.PushPublishLogger: class com.dotcms.publishing.PublisherAPIImpl : [BundleID: 01EZ5ZNBSNT42RTPPMTCVCBDKZ] Completed Publishing Task
[22/02/21 23:02:19:854 GMT]  INFO junit.RuleWatcher: >>>>>>>>>>>>>>>>>>>>>>>>>>
[22/02/21 23:02:19:854 GMT]  INFO junit.RuleWatcher: >>> publish[16: com.dotcms.publishing.PublisherAPIImplTest$TestCase@43da2ba8](com.dotcms.publishing.PublisherAPIImplTest) - starting...
[22/02/21 23:02:19:854 GMT]  INFO junit.RuleWatcher: >>>>>>>>>>>>>>>>>>>>>>>>>>
[22/02/21 23:02:19:855 GMT]  INFO publishing.PublisherAPIImplTest: languageVariables [com.dotmarketing.portlets.contentlet.model.Contentlet@35dad183[map={owner=system, identifier=a11ab19a-666e-41e0-8266-31981fc948a5, nullProperties=[wfExpireDate, filterKey, whereToSend, wfPublishDate, wfNeverExpire, wfActionAssign, iWantTo, wfActionId, wfPublishTime, wfActionComments, wfExpireTime], modDate=2021-02-22 22:13:45.757, languageId=1614032025726, inode=a73e0409-0557-4977-8f24-5b0e46ea7d72, folder=SYSTEM_FOLDER, disabledWYSIWYG=[], sortOrder=0, modUser=system, host=8a7d5e23-da1e-420a-b4f0-471e7da8ea2d, stInode=f4d7c1b8-2c88-4071-abf1-a5328977b07d, value=key-exists-as-contentletb2a5135d61works, key=key-exists-as-contentletb2a5135d61},lowIndexPriority=false], com.dotmarketing.portlets.contentlet.model.Contentlet@4054d46a[map={owner=system, identifier=5afdb29a-5d6b-484e-91a1-c05d54c02a80, nullProperties=[wfExpireDate, filterKey, whereToSend, wfPublishDate, wfNeverExpire, wfActionAssign, iWantTo, wfActionId, wfPublishTime, wfActionComments, wfExpireTime], modDate=2021-02-22 22:10:14.413, languageId=1, inode=3b7972ff-4cf4-41f5-a423-03f7ccf3b254, folder=SYSTEM_FOLDER, disabledWYSIWYG=[], sortOrder=0, modUser=dotcms.org.1, host=SYSTEM_HOST, stInode=f4d7c1b8-2c88-4071-abf1-a5328977b07d, value=test, key=testVarname1614030376393.test1614030376393.name},lowIndexPriority=false], com.dotmarketing.portlets.contentlet.model.Contentlet@3b28b4e6[map={owner=system, identifier=d1c3fdb1-c7ef-49df-90fb-d180c5ddcc6f, nullProperties=[wfExpireDate, filterKey, whereToSend, wfPublishDate, wfNeverExpire, wfActionAssign, iWantTo, wfActionId, wfPublishTime, wfActionComments, wfExpireTime], modDate=2021-02-22 21:46:16.02, languageId=1, inode=a590f960-87ce-4e93-ae46-6c833d26e022, folder=SYSTEM_FOLDER, disabledWYSIWYG=[], sortOrder=0, modUser=system, host=SYSTEM_HOST, stInode=f4d7c1b8-2c88-4071-abf1-a5328977b07d, value=test, key=testVarname1614030375717.test1614030375717.name},lowIndexPriority=false]]
[22/02/21 23:02:19:855 GMT]  INFO util.StdOutErrLog: [class com.dotcms.publishing.PublisherAPIImplTest$PushPublisherMock]
[22/02/21 23:02:19:863 GMT]  INFO util.PushPublishLogger: class com.dotcms.publishing.PublisherAPIImpl : [BundleID: 01EZ5ZNBYG8061HEJ3TNZKNS64] Started Publishing Task
[22/02/21 23:02:19:864 GMT]  INFO publishing.PublisherAPIImpl: Writing bundle.xml file
[22/02/21 23:02:19:865 GMT]  INFO publishing.PublisherAPIImpl: Start of Bundler: DependencyBundler
[22/02/21 23:02:19:884 GMT]  INFO util.DependencyManager: PublisherFilter { excludeClassesSet = [] , excludeDependencyClassesSet = [] , excludeQueryIds = [] , excludeDependencyQueryIds = [] , relationships = true , dependencies = true}
[22/02/21 23:02:19:919 GMT]  INFO publishing.PublisherAPIImpl: End of Bundler: DependencyBundler
[22/02/21 23:02:19:920 GMT]  INFO publishing.PublisherAPIImpl: Start of Bundler: HostBundler
[22/02/21 23:02:19:926 GMT]  INFO bundler.HostBundler: Searching for ContentletVersionInfo. Identifier: 8a7d5e23-da1e-420a-b4f0-471e7da8ea2d. Language:1
[22/02/21 23:02:19:929 GMT]  INFO bundler.HostBundler: Searching for ContentletVersionInfo. Identifier: 8a7d5e23-da1e-420a-b4f0-471e7da8ea2d. Language:1
[22/02/21 23:02:19:934 GMT]  INFO publishing.PublisherAPIImpl: End of Bundler: HostBundler
[22/02/21 23:02:19:934 GMT]  INFO publishing.PublisherAPIImpl: Start of Bundler: ContentBundler
[22/02/21 23:02:19:947 GMT]  INFO publishing.PublisherAPIImpl: End of Bundler: ContentBundler
[22/02/21 23:02:19:947 GMT]  INFO publishing.PublisherAPIImpl: Start of Bundler: FolderBundler
[22/02/21 23:02:19:947 GMT]  INFO publishing.PublisherAPIImpl: End of Bundler: FolderBundler
[22/02/21 23:02:19:948 GMT]  INFO publishing.PublisherAPIImpl: Start of Bundler: TemplateBundler
[22/02/21 23:02:19:948 GMT]  INFO publishing.PublisherAPIImpl: End of Bundler: TemplateBundler
[22/02/21 23:02:19:948 GMT]  INFO publishing.PublisherAPIImpl: Start of Bundler: ContainerBundler
[22/02/21 23:02:19:948 GMT]  INFO publishing.PublisherAPIImpl: End of Bundler: ContainerBundler
[22/02/21 23:02:19:948 GMT]  INFO publishing.PublisherAPIImpl: Start of Bundler: RuleBundler
[22/02/21 23:02:19:948 GMT]  INFO publishing.PublisherAPIImpl: End of Bundler: RuleBundler
[22/02/21 23:02:19:948 GMT]  INFO publishing.PublisherAPIImpl: Start of Bundler: LinkBundler
[22/02/21 23:02:19:948 GMT]  INFO publishing.PublisherAPIImpl: End of Bundler: LinkBundler
[22/02/21 23:02:19:948 GMT]  INFO publishing.PublisherAPIImpl: Start of Bundler: ContentTypeBundler
[22/02/21 23:02:19:955 GMT]  INFO publishing.PublisherAPIImpl: End of Bundler: ContentTypeBundler
[22/02/21 23:02:19:955 GMT]  INFO publishing.PublisherAPIImpl: Start of Bundler: RelationshipBundler
[22/02/21 23:02:19:955 GMT]  INFO publishing.PublisherAPIImpl: End of Bundler: RelationshipBundler
[22/02/21 23:02:19:955 GMT]  INFO publishing.PublisherAPIImpl: Start of Bundler: LanguageVariablesBundler
[22/02/21 23:02:19:962 GMT]  INFO publishing.PublisherAPIImpl: End of Bundler: LanguageVariablesBundler
[22/02/21 23:02:19:962 GMT]  INFO publishing.PublisherAPIImpl: Start of Bundler: WorkflowBundler
[22/02/21 23:02:19:989 GMT]  INFO publishing.PublisherAPIImpl: End of Bundler: WorkflowBundler
[22/02/21 23:02:19:989 GMT]  INFO publishing.PublisherAPIImpl: Start of Bundler: LanguageBundler
[22/02/21 23:02:19:990 GMT]  INFO publishing.PublisherAPIImpl: End of Bundler: LanguageBundler
[22/02/21 23:02:19:990 GMT]  INFO publishing.PublisherAPIImpl: Start of Bundler: BundleXMLAsc
[22/02/21 23:02:19:990 GMT]  INFO publishing.PublisherAPIImpl: End of Bundler: BundleXMLAsc
[22/02/21 23:02:19:990 GMT]  INFO publishing.PublisherAPIImpl: Start of Bundler: CategoryBundler
[22/02/21 23:02:19:990 GMT]  INFO publishing.PublisherAPIImpl: End of Bundler: CategoryBundler
[22/02/21 23:02:19:990 GMT]  INFO util.PushPublishLogger: class com.dotcms.publishing.PublisherAPIImpl : [BundleID: 01EZ5ZNBYG8061HEJ3TNZKNS64] Completed Publishing Task
[22/02/21 23:02:20:003 GMT]  INFO junit.RuleWatcher: >>>>>>>>>>>>>>>>>>>>>>>>>>
[22/02/21 23:02:20:003 GMT]  INFO junit.RuleWatcher: >>> publish[17: com.dotcms.publishing.PublisherAPIImplTest$TestCase@685598b0](com.dotcms.publishing.PublisherAPIImplTest) - starting...
[22/02/21 23:02:20:003 GMT]  INFO junit.RuleWatcher: >>>>>>>>>>>>>>>>>>>>>>>>>>
[22/02/21 23:02:20:004 GMT]  INFO publishing.PublisherAPIImplTest: languageVariables [com.dotmarketing.portlets.contentlet.model.Contentlet@35dad183[map={owner=system, identifier=a11ab19a-666e-41e0-8266-31981fc948a5, nullProperties=[wfExpireDate, filterKey, whereToSend, wfPublishDate, wfNeverExpire, wfActionAssign, iWantTo, wfActionId, wfPublishTime, wfActionComments, wfExpireTime], modDate=2021-02-22 22:13:45.757, languageId=1614032025726, inode=a73e0409-0557-4977-8f24-5b0e46ea7d72, folder=SYSTEM_FOLDER, disabledWYSIWYG=[], sortOrder=0, modUser=system, host=8a7d5e23-da1e-420a-b4f0-471e7da8ea2d, stInode=f4d7c1b8-2c88-4071-abf1-a5328977b07d, value=key-exists-as-contentletb2a5135d61works, key=key-exists-as-contentletb2a5135d61},lowIndexPriority=false], com.dotmarketing.portlets.contentlet.model.Contentlet@4054d46a[map={owner=system, identifier=5afdb29a-5d6b-484e-91a1-c05d54c02a80, nullProperties=[wfExpireDate, filterKey, whereToSend, wfPublishDate, wfNeverExpire, wfActionAssign, iWantTo, wfActionId, wfPublishTime, wfActionComments, wfExpireTime], modDate=2021-02-22 22:10:14.413, languageId=1, inode=3b7972ff-4cf4-41f5-a423-03f7ccf3b254, folder=SYSTEM_FOLDER, disabledWYSIWYG=[], sortOrder=0, modUser=dotcms.org.1, host=SYSTEM_HOST, stInode=f4d7c1b8-2c88-4071-abf1-a5328977b07d, value=test, key=testVarname1614030376393.test1614030376393.name},lowIndexPriority=false], com.dotmarketing.portlets.contentlet.model.Contentlet@3b28b4e6[map={owner=system, identifier=d1c3fdb1-c7ef-49df-90fb-d180c5ddcc6f, nullProperties=[wfExpireDate, filterKey, whereToSend, wfPublishDate, wfNeverExpire, wfActionAssign, iWantTo, wfActionId, wfPublishTime, wfActionComments, wfExpireTime], modDate=2021-02-22 21:46:16.02, languageId=1, inode=a590f960-87ce-4e93-ae46-6c833d26e022, folder=SYSTEM_FOLDER, disabledWYSIWYG=[], sortOrder=0, modUser=system, host=SYSTEM_HOST, stInode=f4d7c1b8-2c88-4071-abf1-a5328977b07d, value=test, key=testVarname1614030375717.test1614030375717.name},lowIndexPriority=false]]
[22/02/21 23:02:20:004 GMT]  INFO util.StdOutErrLog: [class com.dotcms.publishing.PublisherAPIImplTest$PushPublisherMock]
[22/02/21 23:02:20:012 GMT]  INFO util.PushPublishLogger: class com.dotcms.publishing.PublisherAPIImpl : [BundleID: 01EZ5ZNC363DDEP6M3J4YSQ94G] Started Publishing Task
[22/02/21 23:02:20:013 GMT]  INFO publishing.PublisherAPIImpl: Writing bundle.xml file
[22/02/21 23:02:20:014 GMT]  INFO publishing.PublisherAPIImpl: Start of Bundler: DependencyBundler
[22/02/21 23:02:20:038 GMT]  INFO util.DependencyManager: PublisherFilter { excludeClassesSet = [] , excludeDependencyClassesSet = [] , excludeQueryIds = [] , excludeDependencyQueryIds = [] , relationships = true , dependencies = true}
[22/02/21 23:02:20:080 GMT]  INFO publishing.PublisherAPIImpl: End of Bundler: DependencyBundler
[22/02/21 23:02:20:080 GMT]  INFO publishing.PublisherAPIImpl: Start of Bundler: HostBundler
[22/02/21 23:02:20:084 GMT]  INFO bundler.HostBundler: Searching for ContentletVersionInfo. Identifier: 8a7d5e23-da1e-420a-b4f0-471e7da8ea2d. Language:1
[22/02/21 23:02:20:088 GMT]  INFO bundler.HostBundler: Searching for ContentletVersionInfo. Identifier: 8a7d5e23-da1e-420a-b4f0-471e7da8ea2d. Language:1
[22/02/21 23:02:20:091 GMT]  INFO publishing.PublisherAPIImpl: End of Bundler: HostBundler
[22/02/21 23:02:20:091 GMT]  INFO publishing.PublisherAPIImpl: Start of Bundler: RuleBundler
[22/02/21 23:02:20:093 GMT]  INFO publishing.PublisherAPIImpl: End of Bundler: RuleBundler
[22/02/21 23:02:20:093 GMT]  INFO publishing.PublisherAPIImpl: Start of Bundler: BundleXMLAsc
[22/02/21 23:02:20:093 GMT]  INFO publishing.PublisherAPIImpl: End of Bundler: BundleXMLAsc
[22/02/21 23:02:20:093 GMT]  INFO publishing.PublisherAPIImpl: Start of Bundler: CategoryBundler
[22/02/21 23:02:20:093 GMT]  INFO publishing.PublisherAPIImpl: End of Bundler: CategoryBundler
[22/02/21 23:02:20:094 GMT]  INFO util.PushPublishLogger: class com.dotcms.publishing.PublisherAPIImpl : [BundleID: 01EZ5ZNC363DDEP6M3J4YSQ94G] Completed Publishing Task
[22/02/21 23:02:20:113 GMT]  WARN shorty.ShortyIdAPIImpl: An error occurred when getting shorty value for '' of type 'CONTENT': shorty  is not a short id.  Short Ids should be 10 chars in length
[22/02/21 23:02:20:136 GMT]  WARN shorty.ShortyIdAPIImpl: An error occurred when getting shorty value for '' of type 'CONTENT': shorty  is not a short id.  Short Ids should be 10 chars in length
[22/02/21 23:02:20:158 GMT]  INFO util.ActivityLogger: class com.dotcms.content.elasticsearch.business.ESContentletAPIImpl: demo.dotcms.com : Saving Content , StartDate: N/D; EndDate: N/D; User:system; ContentIdentifier: 
[22/02/21 23:02:20:183 GMT]  INFO caffine.CaffineCache: ***	 Building Cache : esquerycache, size:1000,Concurrency:32
[22/02/21 23:02:20:183 GMT]  INFO caffine.CaffineCache: ***	 Building Cache : esquerycountcache, size:1000,Concurrency:32
[22/02/21 23:02:20:183 GMT]  INFO caffine.CaffineCache: ***	 Building Cache : esquerycountcache, size:1000,Concurrency:32
[22/02/21 23:02:20:217 GMT]  INFO caffine.CaffineCache: ***	 Building Cache : esquerycache, size:1000,Concurrency:32
[22/02/21 23:02:20:217 GMT]  INFO caffine.CaffineCache: ***	 Building Cache : esquerycache, size:1000,Concurrency:32
[22/02/21 23:02:20:217 GMT]  INFO caffine.CaffineCache: ***	 Building Cache : esquerycountcache, size:1000,Concurrency:32
[22/02/21 23:02:20:217 GMT]  INFO caffine.CaffineCache: ***	 Building Cache : esquerycountcache, size:1000,Concurrency:32
[22/02/21 23:02:20:225 GMT]  INFO business.ContentletIndexAPIImpl: Indexing: d1708a57-4abf-4900-b3fc-de135755ab96 : TestContent, includeDependencies: true, policy: FORCE
[22/02/21 23:02:20:235 GMT]  INFO util.ActivityLogger: class com.dotcms.content.elasticsearch.business.ESContentletAPIImpl: demo.dotcms.com : Content Saved , StartDate: N/D; EndDate: N/D; User:system; ContentIdentifier: d1708a57-4abf-4900-b3fc-de135755ab96
[22/02/21 23:02:20:245 GMT]  INFO caffine.CaffineCache: ***	 Building Cache : esquerycache, size:1000,Concurrency:32
[22/02/21 23:02:20:245 GMT]  INFO caffine.CaffineCache: ***	 Building Cache : esquerycountcache, size:1000,Concurrency:32
[22/02/21 23:02:20:246 GMT]  INFO caffine.CaffineCache: ***	 Building Cache : esquerycache, size:1000,Concurrency:32
[22/02/21 23:02:20:246 GMT]  INFO caffine.CaffineCache: ***	 Building Cache : esquerycountcache, size:1000,Concurrency:32
[22/02/21 23:02:20:251 GMT]  INFO util.SecurityLogger: class com.dotmarketing.portlets.workflows.business.WorkflowAPIImpl : The Workflow task with id:955e4ca4-2cbc-4552-b385-a286baf90f4c has been saved. -- ip:ukn,user:null
[22/02/21 23:02:20:320 GMT]  INFO util.ActivityLogger: class com.dotcms.content.elasticsearch.business.ESContentletAPIImpl: demo.dotcms.com : Saving Content , StartDate: N/D; EndDate: N/D; User:system; ContentIdentifier: 
[22/02/21 23:02:20:346 GMT]  INFO caffine.CaffineCache: ***	 Building Cache : esquerycache, size:1000,Concurrency:32
[22/02/21 23:02:20:347 GMT]  INFO caffine.CaffineCache: ***	 Building Cache : esquerycache, size:1000,Concurrency:32
[22/02/21 23:02:20:347 GMT]  INFO caffine.CaffineCache: ***	 Building Cache : esquerycountcache, size:1000,Concurrency:32
[22/02/21 23:02:20:347 GMT]  INFO caffine.CaffineCache: ***	 Building Cache : esquerycountcache, size:1000,Concurrency:32
[22/02/21 23:02:20:365 GMT]  INFO caffine.CaffineCache: ***	 Building Cache : esquerycache, size:1000,Concurrency:32
[22/02/21 23:02:20:365 GMT]  INFO caffine.CaffineCache: ***	 Building Cache : esquerycache, size:1000,Concurrency:32
[22/02/21 23:02:20:365 GMT]  INFO caffine.CaffineCache: ***	 Building Cache : esquerycountcache, size:1000,Concurrency:32
[22/02/21 23:02:20:366 GMT]  INFO caffine.CaffineCache: ***	 Building Cache : esquerycountcache, size:1000,Concurrency:32
[22/02/21 23:02:20:382 GMT]  INFO caffine.CaffineCache: ***	 Building Cache : esquerycache, size:1000,Concurrency:32
[22/02/21 23:02:20:382 GMT]  INFO caffine.CaffineCache: ***	 Building Cache : esquerycache, size:1000,Concurrency:32
[22/02/21 23:02:20:382 GMT]  INFO caffine.CaffineCache: ***	 Building Cache : esquerycountcache, size:1000,Concurrency:32
[22/02/21 23:02:20:382 GMT]  INFO caffine.CaffineCache: ***	 Building Cache : esquerycountcache, size:1000,Concurrency:32
[22/02/21 23:02:20:388 GMT]  INFO business.ContentletIndexAPIImpl: Indexing: 8249fecc-b791-4c8e-a535-c49a543cd9b7 : TestContent, includeDependencies: true, policy: FORCE
[22/02/21 23:02:20:396 GMT]  INFO util.ActivityLogger: class com.dotcms.content.elasticsearch.business.ESContentletAPIImpl: demo.dotcms.com : Content Saved , StartDate: N/D; EndDate: N/D; User:system; ContentIdentifier: 8249fecc-b791-4c8e-a535-c49a543cd9b7
[22/02/21 23:02:20:404 GMT]  INFO caffine.CaffineCache: ***	 Building Cache : esquerycache, size:1000,Concurrency:32
[22/02/21 23:02:20:404 GMT]  INFO caffine.CaffineCache: ***	 Building Cache : esquerycountcache, size:1000,Concurrency:32
[22/02/21 23:02:20:406 GMT]  INFO caffine.CaffineCache: ***	 Building Cache : esquerycache, size:1000,Concurrency:32
[22/02/21 23:02:20:406 GMT]  INFO caffine.CaffineCache: ***	 Building Cache : esquerycountcache, size:1000,Concurrency:32
[22/02/21 23:02:20:412 GMT]  INFO util.SecurityLogger: class com.dotmarketing.portlets.workflows.business.WorkflowAPIImpl : The Workflow task with id:fee8f79f-b517-42de-9c18-f2599207c128 has been saved. -- ip:ukn,user:null
[22/02/21 23:02:20:511 GMT]  INFO caffine.CaffineCache: ***	 Building Cache : esquerycache, size:1000,Concurrency:32
[22/02/21 23:02:20:511 GMT]  INFO caffine.CaffineCache: ***	 Building Cache : esquerycountcache, size:1000,Concurrency:32
[22/02/21 23:02:20:513 GMT]  INFO caffine.CaffineCache: ***	 Building Cache : esquerycache, size:1000,Concurrency:32
[22/02/21 23:02:20:513 GMT]  INFO caffine.CaffineCache: ***	 Building Cache : esquerycountcache, size:1000,Concurrency:32
[22/02/21 23:02:20:632 GMT]  WARN shorty.ShortyIdAPIImpl: An error occurred when getting shorty value for '' of type 'CONTENT': shorty  is not a short id.  Short Ids should be 10 chars in length
[22/02/21 23:02:20:645 GMT]  WARN shorty.ShortyIdAPIImpl: An error occurred when getting shorty value for '' of type 'CONTENT': shorty  is not a short id.  Short Ids should be 10 chars in length
[22/02/21 23:02:20:663 GMT]  WARN shorty.ShortyIdAPIImpl: An error occurred when getting shorty value for '' of type 'CONTENT': shorty  is not a short id.  Short Ids should be 10 chars in length
[22/02/21 23:02:20:678 GMT]  WARN shorty.ShortyIdAPIImpl: An error occurred when getting shorty value for '' of type 'CONTENT': shorty  is not a short id.  Short Ids should be 10 chars in length
[22/02/21 23:02:20:738 GMT]  INFO util.ActivityLogger: class com.dotcms.contenttype.business.ContentTypeAPIImpl: system : Save ContentType Action , User system/system user system user added ContentType testName1614034940729 to host id:48190c8c-42c4-46af-8d1a-0cd5db894797
[22/02/21 23:02:20:738 GMT]  INFO business.ContentTypeAPIImpl: UserId : system : ContentType : ContentType saved : testName1614034940729
[22/02/21 23:02:20:738 GMT]  INFO util.AdminLogger: UserId : system : class com.dotcms.contenttype.business.ContentTypeAPIImpl : ContentType : ContentType saved : testName1614034940729
[22/02/21 23:02:20:745 GMT]  INFO business.WorkflowAPIImpl: Saving Schemas: d61a59e1-a49c-46f2-a929-db2b4bfa88b2 for Content type 4149be7b-2ebb-43b8-a068-33d10f43113b
[22/02/21 23:02:20:746 GMT]  INFO util.SecurityLogger: class com.dotmarketing.portlets.workflows.business.WorkflowAPIImpl : Saving Schemas: d61a59e1-a49c-46f2-a929-db2b4bfa88b2 for Content type 4149be7b-2ebb-43b8-a068-33d10f43113b -- ip:127.0.0.1,user:system user system user [ID: system][email:system@dotcmsfakeemail.org]
[22/02/21 23:02:20:755 GMT]  INFO caffine.CaffineCache: ***	 Building Cache : workflowstepcache, size:1000,Concurrency:32
[22/02/21 23:02:20:761 GMT]  INFO caffine.CaffineCache: ***	 Building Cache : workflowstepcache, size:1000,Concurrency:32
[22/02/21 23:02:20:761 GMT]  INFO caffine.CaffineCache: ***	 Building Cache : workflowstepcache, size:1000,Concurrency:32
[22/02/21 23:02:20:888 GMT]  INFO caffine.CaffineCache: ***	 Building Cache : workflowstepcache, size:1000,Concurrency:32
[22/02/21 23:02:20:888 GMT]  INFO caffine.CaffineCache: ***	 Building Cache : workflowstepcache, size:1000,Concurrency:32
[22/02/21 23:02:21:039 GMT]  INFO business.FieldAPIImpl: Elasticsearch mapping set for Field: testFieldName1614034940763. Content type: testName1614034940729 on Index: live_20210222212811
[22/02/21 23:02:21:298 GMT]  INFO business.FieldAPIImpl: Elasticsearch mapping set for Field: testFieldName1614034940763. Content type: testName1614034940729 on Index: working_20210222212811
[22/02/21 23:02:21:298 GMT]  INFO util.ActivityLogger: class com.dotmarketing.util.ActivityLogger: system : Save Field Action , User system/system user added field testFieldName1614034940763 to testName1614034940729 Structure.
[22/02/21 23:02:21:589 GMT]  INFO business.FieldAPIImpl: Elasticsearch mapping set for Field: testFieldName1614034941306. Content type: testName1614034940729 on Index: live_20210222212811
[22/02/21 23:02:21:867 GMT]  INFO business.FieldAPIImpl: Elasticsearch mapping set for Field: testFieldName1614034941306. Content type: testName1614034940729 on Index: working_20210222212811
[22/02/21 23:02:21:867 GMT]  INFO util.ActivityLogger: class com.dotmarketing.util.ActivityLogger: system : Save Field Action , User system/system user added field testFieldName1614034941306 to testName1614034940729 Structure.
[22/02/21 23:02:21:890 GMT]  INFO util.ActivityLogger: class com.dotcms.contenttype.business.ContentTypeAPIImpl: system : Save ContentType Action , User system/system user system user added ContentType testName1614034941880 to host id:48190c8c-42c4-46af-8d1a-0cd5db894797
[22/02/21 23:02:21:890 GMT]  INFO business.ContentTypeAPIImpl: UserId : system : ContentType : ContentType saved : testName1614034941880
[22/02/21 23:02:21:890 GMT]  INFO util.AdminLogger: UserId : system : class com.dotcms.contenttype.business.ContentTypeAPIImpl : ContentType : ContentType saved : testName1614034941880
[22/02/21 23:02:21:894 GMT]  INFO business.WorkflowAPIImpl: Saving Schemas: d61a59e1-a49c-46f2-a929-db2b4bfa88b2 for Content type f68cda22-da4b-437f-9b98-bd8a4e223c89
[22/02/21 23:02:21:894 GMT]  INFO util.SecurityLogger: class com.dotmarketing.portlets.workflows.business.WorkflowAPIImpl : Saving Schemas: d61a59e1-a49c-46f2-a929-db2b4bfa88b2 for Content type f68cda22-da4b-437f-9b98-bd8a4e223c89 -- ip:127.0.0.1,user:system user system user [ID: system][email:system@dotcmsfakeemail.org]
[22/02/21 23:02:21:900 GMT]  INFO caffine.CaffineCache: ***	 Building Cache : workflowstepcache, size:1000,Concurrency:32
[22/02/21 23:02:21:900 GMT]  INFO caffine.CaffineCache: ***	 Building Cache : workflowstepcache, size:1000,Concurrency:32
[22/02/21 23:02:21:902 GMT]  INFO caffine.CaffineCache: ***	 Building Cache : workflowstepcache, size:1000,Concurrency:32
[22/02/21 23:02:21:902 GMT]  INFO caffine.CaffineCache: ***	 Building Cache : workflowstepcache, size:1000,Concurrency:32
[22/02/21 23:02:21:913 GMT]  INFO util.ActivityLogger: class com.dotcms.contenttype.business.ContentTypeAPIImpl: system : Save ContentType Action , User system/system user system user added ContentType testName1614034941904 to host id:48190c8c-42c4-46af-8d1a-0cd5db894797
[22/02/21 23:02:21:913 GMT]  INFO business.ContentTypeAPIImpl: UserId : system : ContentType : ContentType saved : testName1614034941904
[22/02/21 23:02:21:913 GMT]  INFO util.AdminLogger: UserId : system : class com.dotcms.contenttype.business.ContentTypeAPIImpl : ContentType : ContentType saved : testName1614034941904
[22/02/21 23:02:21:916 GMT]  INFO business.WorkflowAPIImpl: Saving Schemas: d61a59e1-a49c-46f2-a929-db2b4bfa88b2 for Content type 12b84f4b-14cb-40c7-bfb1-8426f44dc8ca
[22/02/21 23:02:21:916 GMT]  INFO util.SecurityLogger: class com.dotmarketing.portlets.workflows.business.WorkflowAPIImpl : Saving Schemas: d61a59e1-a49c-46f2-a929-db2b4bfa88b2 for Content type 12b84f4b-14cb-40c7-bfb1-8426f44dc8ca -- ip:127.0.0.1,user:system user system user [ID: system][email:system@dotcmsfakeemail.org]
[22/02/21 23:02:21:923 GMT]  INFO caffine.CaffineCache: ***	 Building Cache : workflowstepcache, size:1000,Concurrency:32
[22/02/21 23:02:21:923 GMT]  INFO caffine.CaffineCache: ***	 Building Cache : workflowstepcache, size:1000,Concurrency:32
[22/02/21 23:02:21:925 GMT]  INFO caffine.CaffineCache: ***	 Building Cache : workflowstepcache, size:1000,Concurrency:32
[22/02/21 23:02:21:925 GMT]  INFO caffine.CaffineCache: ***	 Building Cache : workflowstepcache, size:1000,Concurrency:32
[22/02/21 23:02:21:941 GMT]  INFO util.ActivityLogger: class com.dotcms.contenttype.business.ContentTypeAPIImpl: system : Save ContentType Action , User system/system user system user added ContentType testName1614034941932 to host id:48190c8c-42c4-46af-8d1a-0cd5db894797
[22/02/21 23:02:21:941 GMT]  INFO business.ContentTypeAPIImpl: UserId : system : ContentType : ContentType saved : testName1614034941932
[22/02/21 23:02:21:941 GMT]  INFO util.AdminLogger: UserId : system : class com.dotcms.contenttype.business.ContentTypeAPIImpl : ContentType : ContentType saved : testName1614034941932
[22/02/21 23:02:21:945 GMT]  INFO business.WorkflowAPIImpl: Saving Schemas: d61a59e1-a49c-46f2-a929-db2b4bfa88b2 for Content type d5e073d1-db6a-4880-938b-caa9b67ec282
[22/02/21 23:02:21:945 GMT]  INFO util.SecurityLogger: class com.dotmarketing.portlets.workflows.business.WorkflowAPIImpl : Saving Schemas: d61a59e1-a49c-46f2-a929-db2b4bfa88b2 for Content type d5e073d1-db6a-4880-938b-caa9b67ec282 -- ip:127.0.0.1,user:system user system user [ID: system][email:system@dotcmsfakeemail.org]
[22/02/21 23:02:21:951 GMT]  INFO caffine.CaffineCache: ***	 Building Cache : workflowstepcache, size:1000,Concurrency:32
[22/02/21 23:02:21:951 GMT]  INFO caffine.CaffineCache: ***	 Building Cache : workflowstepcache, size:1000,Concurrency:32
[22/02/21 23:02:21:953 GMT]  INFO caffine.CaffineCache: ***	 Building Cache : workflowstepcache, size:1000,Concurrency:32
[22/02/21 23:02:21:953 GMT]  INFO caffine.CaffineCache: ***	 Building Cache : workflowstepcache, size:1000,Concurrency:32
[22/02/21 23:02:21:963 GMT]  INFO util.ActivityLogger: class com.dotcms.contenttype.business.ContentTypeAPIImpl: system : Save ContentType Action , User system/system user system user added ContentType testName1614034941954 to host id:48190c8c-42c4-46af-8d1a-0cd5db894797
[22/02/21 23:02:21:963 GMT]  INFO business.ContentTypeAPIImpl: UserId : system : ContentType : ContentType saved : testName1614034941954
[22/02/21 23:02:21:963 GMT]  INFO util.AdminLogger: UserId : system : class com.dotcms.contenttype.business.ContentTypeAPIImpl : ContentType : ContentType saved : testName1614034941954
[22/02/21 23:02:21:965 GMT]  INFO business.WorkflowAPIImpl: Saving Schemas: d61a59e1-a49c-46f2-a929-db2b4bfa88b2 for Content type d1869df8-0546-4b38-a88c-e01354df0d1d
[22/02/21 23:02:21:966 GMT]  INFO util.SecurityLogger: class com.dotmarketing.portlets.workflows.business.WorkflowAPIImpl : Saving Schemas: d61a59e1-a49c-46f2-a929-db2b4bfa88b2 for Content type d1869df8-0546-4b38-a88c-e01354df0d1d -- ip:127.0.0.1,user:system user system user [ID: system][email:system@dotcmsfakeemail.org]
[22/02/21 23:02:21:972 GMT]  INFO caffine.CaffineCache: ***	 Building Cache : workflowstepcache, size:1000,Concurrency:32
[22/02/21 23:02:21:972 GMT]  INFO caffine.CaffineCache: ***	 Building Cache : workflowstepcache, size:1000,Concurrency:32
[22/02/21 23:02:21:974 GMT]  INFO caffine.CaffineCache: ***	 Building Cache : workflowstepcache, size:1000,Concurrency:32
[22/02/21 23:02:21:974 GMT]  INFO caffine.CaffineCache: ***	 Building Cache : workflowstepcache, size:1000,Concurrency:32
[22/02/21 23:02:21:982 GMT]  INFO junit.RuleWatcher: >>>>>>>>>>>>>>>>>>>>>>>>>>
[22/02/21 23:02:21:982 GMT]  INFO junit.RuleWatcher: >>> test404Cache(com.dotcms.uuid.shorty.LegacyShortyIdApiTest) - starting...
[22/02/21 23:02:21:982 GMT]  INFO junit.RuleWatcher: >>>>>>>>>>>>>>>>>>>>>>>>>>
[22/02/21 23:02:21:996 GMT]  INFO caffine.CaffineCache: ***	 Building Cache : workflowstepcache, size:1000,Concurrency:32
[22/02/21 23:02:21:996 GMT]  INFO caffine.CaffineCache: ***	 Building Cache : workflowstepcache, size:1000,Concurrency:32
[22/02/21 23:02:21:997 GMT]  INFO junit.RuleWatcher: >>>>>>>>>>>>>>>>>>>>>>>>>>
[22/02/21 23:02:21:997 GMT]  INFO junit.RuleWatcher: >>> test_shortify[0: (, )](com.dotcms.uuid.shorty.LegacyShortyIdApiTest) - starting...
[22/02/21 23:02:21:997 GMT]  INFO junit.RuleWatcher: >>>>>>>>>>>>>>>>>>>>>>>>>>
[22/02/21 23:02:21:997 GMT]  INFO junit.RuleWatcher: >>>>>>>>>>>>>>>>>>>>>>>>>>
[22/02/21 23:02:21:997 GMT]  INFO junit.RuleWatcher: >>> test_shortify[1: (1234, 1234)](com.dotcms.uuid.shorty.LegacyShortyIdApiTest) - starting...
[22/02/21 23:02:21:997 GMT]  INFO junit.RuleWatcher: >>>>>>>>>>>>>>>>>>>>>>>>>>
[22/02/21 23:02:21:997 GMT]  INFO junit.RuleWatcher: >>>>>>>>>>>>>>>>>>>>>>>>>>
[22/02/21 23:02:21:997 GMT]  INFO junit.RuleWatcher: >>> test_shortify[2: (12345, 12345)](com.dotcms.uuid.shorty.LegacyShortyIdApiTest) - starting...
[22/02/21 23:02:21:997 GMT]  INFO junit.RuleWatcher: >>>>>>>>>>>>>>>>>>>>>>>>>>
[22/02/21 23:02:21:997 GMT]  INFO junit.RuleWatcher: >>>>>>>>>>>>>>>>>>>>>>>>>>
[22/02/21 23:02:21:997 GMT]  INFO junit.RuleWatcher: >>> test_shortify[3: (12345-6, 123456)](com.dotcms.uuid.shorty.LegacyShortyIdApiTest) - starting...
[22/02/21 23:02:21:997 GMT]  INFO junit.RuleWatcher: >>>>>>>>>>>>>>>>>>>>>>>>>>
[22/02/21 23:02:21:997 GMT]  INFO junit.RuleWatcher: >>>>>>>>>>>>>>>>>>>>>>>>>>
[22/02/21 23:02:21:997 GMT]  INFO junit.RuleWatcher: >>> test_shortify[4: (12345-67, 1234567)](com.dotcms.uuid.shorty.LegacyShortyIdApiTest) - starting...
[22/02/21 23:02:21:997 GMT]  INFO junit.RuleWatcher: >>>>>>>>>>>>>>>>>>>>>>>>>>
[22/02/21 23:02:21:997 GMT]  INFO junit.RuleWatcher: >>>>>>>>>>>>>>>>>>>>>>>>>>
[22/02/21 23:02:21:997 GMT]  INFO junit.RuleWatcher: >>> test_shortify[5: (12345-678, 12345678)](com.dotcms.uuid.shorty.LegacyShortyIdApiTest) - starting...
[22/02/21 23:02:21:997 GMT]  INFO junit.RuleWatcher: >>>>>>>>>>>>>>>>>>>>>>>>>>
[22/02/21 23:02:21:997 GMT]  INFO junit.RuleWatcher: >>>>>>>>>>>>>>>>>>>>>>>>>>
[22/02/21 23:02:21:997 GMT]  INFO junit.RuleWatcher: >>> test_shortify[6: (12345-6789, 123456789)](com.dotcms.uuid.shorty.LegacyShortyIdApiTest) - starting...
[22/02/21 23:02:21:997 GMT]  INFO junit.RuleWatcher: >>>>>>>>>>>>>>>>>>>>>>>>>>
[22/02/21 23:02:21:997 GMT]  INFO junit.RuleWatcher: >>>>>>>>>>>>>>>>>>>>>>>>>>
[22/02/21 23:02:21:997 GMT]  INFO junit.RuleWatcher: >>> test_shortify[7: (12345-6789-0, 1234567890)](com.dotcms.uuid.shorty.LegacyShortyIdApiTest) - starting...
[22/02/21 23:02:21:997 GMT]  INFO junit.RuleWatcher: >>>>>>>>>>>>>>>>>>>>>>>>>>
[22/02/21 23:02:21:997 GMT]  INFO junit.RuleWatcher: >>>>>>>>>>>>>>>>>>>>>>>>>>
[22/02/21 23:02:21:997 GMT]  INFO junit.RuleWatcher: >>> test_shortify[8: (12345-6789-01, 1234567890)](com.dotcms.uuid.shorty.LegacyShortyIdApiTest) - starting...
[22/02/21 23:02:21:998 GMT]  INFO junit.RuleWatcher: >>>>>>>>>>>>>>>>>>>>>>>>>>
[22/02/21 23:02:21:998 GMT]  INFO junit.RuleWatcher: >>>>>>>>>>>>>>>>>>>>>>>>>>
[22/02/21 23:02:21:998 GMT]  INFO junit.RuleWatcher: >>> test_shortify[9: (12345-6789-012, 1234567890)](com.dotcms.uuid.shorty.LegacyShortyIdApiTest) - starting...
[22/02/21 23:02:21:998 GMT]  INFO junit.RuleWatcher: >>>>>>>>>>>>>>>>>>>>>>>>>>
[22/02/21 23:02:21:998 GMT]  INFO junit.RuleWatcher: >>>>>>>>>>>>>>>>>>>>>>>>>>
[22/02/21 23:02:21:998 GMT]  INFO junit.RuleWatcher: >>> test_shortify[10: (12345-6789-011-12, 1234567890)](com.dotcms.uuid.shorty.LegacyShortyIdApiTest) - starting...
[22/02/21 23:02:21:998 GMT]  INFO junit.RuleWatcher: >>>>>>>>>>>>>>>>>>>>>>>>>>
[22/02/21 23:02:21:998 GMT]  INFO junit.RuleWatcher: >>>>>>>>>>>>>>>>>>>>>>>>>>
[22/02/21 23:02:21:998 GMT]  INFO junit.RuleWatcher: >>> testShortyLookup(com.dotcms.uuid.shorty.LegacyShortyIdApiTest) - starting...
[22/02/21 23:02:21:998 GMT]  INFO junit.RuleWatcher: >>>>>>>>>>>>>>>>>>>>>>>>>>
[22/02/21 23:02:22:006 GMT]  INFO caffine.CaffineCache: ***	 Building Cache : workflowstepcache, size:1000,Concurrency:32
[22/02/21 23:02:22:006 GMT]  INFO caffine.CaffineCache: ***	 Building Cache : workflowstepcache, size:1000,Concurrency:32
[22/02/21 23:02:22:009 GMT]  INFO junit.RuleWatcher: >>>>>>>>>>>>>>>>>>>>>>>>>>
[22/02/21 23:02:22:009 GMT]  INFO junit.RuleWatcher: >>> test_shortify_modify_MINIMUM_SHORTY_ID_LENGTH_success(com.dotcms.uuid.shorty.LegacyShortyIdApiTest) - starting...
[22/02/21 23:02:22:009 GMT]  INFO junit.RuleWatcher: >>>>>>>>>>>>>>>>>>>>>>>>>>
[22/02/21 23:02:22:009 GMT]  INFO junit.RuleWatcher: >>>>>>>>>>>>>>>>>>>>>>>>>>
[22/02/21 23:02:22:009 GMT]  INFO junit.RuleWatcher: >>> testShortyCache(com.dotcms.uuid.shorty.LegacyShortyIdApiTest) - starting...
[22/02/21 23:02:22:009 GMT]  INFO junit.RuleWatcher: >>>>>>>>>>>>>>>>>>>>>>>>>>
[22/02/21 23:02:22:012 GMT]  INFO junit.RuleWatcher: >>>>>>>>>>>>>>>>>>>>>>>>>>
[22/02/21 23:02:22:012 GMT]  INFO junit.RuleWatcher: >>> testValidShorty[0: (asdd-1234-asdasda-asda, true)](com.dotcms.uuid.shorty.LegacyShortyIdApiTest) - starting...
[22/02/21 23:02:22:012 GMT]  INFO junit.RuleWatcher: >>>>>>>>>>>>>>>>>>>>>>>>>>
[22/02/21 23:02:22:013 GMT]  INFO junit.RuleWatcher: >>>>>>>>>>>>>>>>>>>>>>>>>>
[22/02/21 23:02:22:013 GMT]  INFO junit.RuleWatcher: >>> testValidShorty[1: (asd87-234-214, true)](com.dotcms.uuid.shorty.LegacyShortyIdApiTest) - starting...
[22/02/21 23:02:22:013 GMT]  INFO junit.RuleWatcher: >>>>>>>>>>>>>>>>>>>>>>>>>>
[22/02/21 23:02:22:013 GMT]  INFO junit.RuleWatcher: >>>>>>>>>>>>>>>>>>>>>>>>>>
[22/02/21 23:02:22:013 GMT]  INFO junit.RuleWatcher: >>> testValidShorty[2: (asd87-234:-251, false)](com.dotcms.uuid.shorty.LegacyShortyIdApiTest) - starting...
[22/02/21 23:02:22:013 GMT]  INFO junit.RuleWatcher: >>>>>>>>>>>>>>>>>>>>>>>>>>
[22/02/21 23:02:22:013 GMT]  INFO junit.RuleWatcher: >>>>>>>>>>>>>>>>>>>>>>>>>>
[22/02/21 23:02:22:013 GMT]  INFO junit.RuleWatcher: >>> testValidShorty[3: (asd87-234;-251, false)](com.dotcms.uuid.shorty.LegacyShortyIdApiTest) - starting...
[22/02/21 23:02:22:013 GMT]  INFO junit.RuleWatcher: >>>>>>>>>>>>>>>>>>>>>>>>>>
[22/02/21 23:02:22:013 GMT]  INFO junit.RuleWatcher: >>>>>>>>>>>>>>>>>>>>>>>>>>
[22/02/21 23:02:22:013 GMT]  INFO junit.RuleWatcher: >>> testValidShorty[4: (asd87-234"-251, false)](com.dotcms.uuid.shorty.LegacyShortyIdApiTest) - starting...
[22/02/21 23:02:22:013 GMT]  INFO junit.RuleWatcher: >>>>>>>>>>>>>>>>>>>>>>>>>>
[22/02/21 23:02:22:013 GMT]  INFO junit.RuleWatcher: >>>>>>>>>>>>>>>>>>>>>>>>>>
[22/02/21 23:02:22:013 GMT]  INFO junit.RuleWatcher: >>> testValidShorty[5: (asd87-234*-251, false)](com.dotcms.uuid.shorty.LegacyShortyIdApiTest) - starting...
[22/02/21 23:02:22:013 GMT]  INFO junit.RuleWatcher: >>>>>>>>>>>>>>>>>>>>>>>>>>
[22/02/21 23:02:22:013 GMT]  INFO junit.RuleWatcher: >>>>>>>>>>>>>>>>>>>>>>>>>>
[22/02/21 23:02:22:013 GMT]  INFO junit.RuleWatcher: >>> testValidShorty[6: (asd87_232_251, false)](com.dotcms.uuid.shorty.LegacyShortyIdApiTest) - starting...
[22/02/21 23:02:22:013 GMT]  INFO junit.RuleWatcher: >>>>>>>>>>>>>>>>>>>>>>>>>>
[22/02/21 23:02:22:013 GMT]  INFO junit.RuleWatcher: >>>>>>>>>>>>>>>>>>>>>>>>>>
[22/02/21 23:02:22:013 GMT]  INFO junit.RuleWatcher: >>> testValidShorty[7: (null, false)](com.dotcms.uuid.shorty.LegacyShortyIdApiTest) - starting...
[22/02/21 23:02:22:013 GMT]  INFO junit.RuleWatcher: >>>>>>>>>>>>>>>>>>>>>>>>>>
[22/02/21 23:02:22:013 GMT]  INFO junit.RuleWatcher: >>>>>>>>>>>>>>>>>>>>>>>>>>
[22/02/21 23:02:22:013 GMT]  INFO junit.RuleWatcher: >>> testValidShorty[8: (asd81, false)](com.dotcms.uuid.shorty.LegacyShortyIdApiTest) - starting...
[22/02/21 23:02:22:013 GMT]  INFO junit.RuleWatcher: >>>>>>>>>>>>>>>>>>>>>>>>>>
[22/02/21 23:02:22:013 GMT]  INFO junit.RuleWatcher: >>>>>>>>>>>>>>>>>>>>>>>>>>
[22/02/21 23:02:22:013 GMT]  INFO junit.RuleWatcher: >>> test404CacheInvalidation(com.dotcms.uuid.shorty.LegacyShortyIdApiTest) - starting...
[22/02/21 23:02:22:013 GMT]  INFO junit.RuleWatcher: >>>>>>>>>>>>>>>>>>>>>>>>>>
[22/02/21 23:02:22:016 GMT] ERROR business.ChainableCacheAdministratorImpl: The cache to locally remove key is invalid. The value was :hostcache
[22/02/21 23:02:22:016 GMT]  INFO caffine.CaffineCache: ***	 Building Cache : hostaliascache, size:1000,Concurrency:32
[22/02/21 23:02:22:020 GMT]  INFO util.ActivityLogger: class com.dotcms.content.elasticsearch.business.ESContentletAPIImpl: system : Saving Content , StartDate: N/D; EndDate: N/D; User:system; ContentIdentifier: 
[22/02/21 23:02:22:021 GMT]  INFO caffine.CaffineCache: ***	 Building Cache : esquerycache, size:1000,Concurrency:32
[22/02/21 23:02:22:022 GMT]  INFO caffine.CaffineCache: ***	 Building Cache : workflowstepcache, size:1000,Concurrency:32
[22/02/21 23:02:22:023 GMT]  INFO caffine.CaffineCache: ***	 Building Cache : workflowstepcache, size:1000,Concurrency:32
[22/02/21 23:02:22:032 GMT]  INFO caffine.CaffineCache: ***	 Building Cache : workflowstepcache, size:1000,Concurrency:32
[22/02/21 23:02:22:032 GMT]  INFO caffine.CaffineCache: ***	 Building Cache : workflowstepcache, size:1000,Concurrency:32
[22/02/21 23:02:22:106 GMT]  INFO caffine.CaffineCache: ***	 Building Cache : esquerycountcache, size:1000,Concurrency:32
[22/02/21 23:02:22:106 GMT]  INFO caffine.CaffineCache: ***	 Building Cache : esquerycache, size:1000,Concurrency:32
[22/02/21 23:02:22:106 GMT]  INFO caffine.CaffineCache: ***	 Building Cache : esquerycountcache, size:1000,Concurrency:32
[22/02/21 23:02:22:161 GMT]  INFO caffine.CaffineCache: ***	 Building Cache : esquerycache, size:1000,Concurrency:32
[22/02/21 23:02:22:162 GMT]  INFO caffine.CaffineCache: ***	 Building Cache : esquerycache, size:1000,Concurrency:32
[22/02/21 23:02:22:162 GMT]  INFO caffine.CaffineCache: ***	 Building Cache : esquerycountcache, size:1000,Concurrency:32
[22/02/21 23:02:22:162 GMT]  INFO caffine.CaffineCache: ***	 Building Cache : esquerycountcache, size:1000,Concurrency:32
[22/02/21 23:02:22:168 GMT]  INFO caffine.CaffineCache: ***	 Building Cache : hostaliascache, size:1000,Concurrency:32
[22/02/21 23:02:22:168 GMT]  INFO caffine.CaffineCache: ***	 Building Cache : hostaliascache, size:1000,Concurrency:32
[22/02/21 23:02:22:169 GMT]  INFO caffine.CaffineCache: ***	 Building Cache : hostaliascache, size:1000,Concurrency:32
[22/02/21 23:02:22:169 GMT]  INFO caffine.CaffineCache: ***	 Building Cache : hostaliascache, size:1000,Concurrency:32
[22/02/21 23:02:22:177 GMT]  INFO caffine.CaffineCache: ***	 Building Cache : hostaliascache, size:1000,Concurrency:32
[22/02/21 23:02:22:177 GMT]  INFO caffine.CaffineCache: ***	 Building Cache : hostaliascache, size:1000,Concurrency:32
[22/02/21 23:02:22:230 GMT]  INFO caffine.CaffineCache: ***	 Building Cache : esquerycache, size:1000,Concurrency:32
[22/02/21 23:02:22:230 GMT]  INFO caffine.CaffineCache: ***	 Building Cache : esquerycache, size:1000,Concurrency:32
[22/02/21 23:02:22:230 GMT]  INFO caffine.CaffineCache: ***	 Building Cache : esquerycountcache, size:1000,Concurrency:32
[22/02/21 23:02:22:230 GMT]  INFO caffine.CaffineCache: ***	 Building Cache : esquerycountcache, size:1000,Concurrency:32
[22/02/21 23:02:22:285 GMT]  INFO caffine.CaffineCache: ***	 Building Cache : esquerycache, size:1000,Concurrency:32
[22/02/21 23:02:22:285 GMT]  INFO caffine.CaffineCache: ***	 Building Cache : esquerycache, size:1000,Concurrency:32
[22/02/21 23:02:22:285 GMT]  INFO caffine.CaffineCache: ***	 Building Cache : esquerycountcache, size:1000,Concurrency:32
[22/02/21 23:02:22:286 GMT]  INFO caffine.CaffineCache: ***	 Building Cache : esquerycountcache, size:1000,Concurrency:32
[22/02/21 23:02:22:288 GMT]  INFO business.ContentletIndexAPIImpl: Indexing: 6da2af8d-e4e2-411b-951c-ab0ef5f58ecb : test1614034942015.dotcms.com, includeDependencies: true, policy: WAIT_FOR
[22/02/21 23:02:22:405 GMT]  INFO caffine.CaffineCache: ***	 Building Cache : esquerycache, size:1000,Concurrency:32
[22/02/21 23:02:22:427 GMT]  INFO util.ActivityLogger: class com.dotcms.content.elasticsearch.business.ESContentletAPIImpl: System Host : Content Saved , StartDate: N/D; EndDate: N/D; User:system; ContentIdentifier: 6da2af8d-e4e2-411b-951c-ab0ef5f58ecb
[22/02/21 23:02:22:428 GMT]  INFO caffine.CaffineCache: ***	 Building Cache : hostaliascache, size:1000,Concurrency:32
[22/02/21 23:02:22:428 GMT]  INFO caffine.CaffineCache: ***	 Building Cache : hostaliascache, size:1000,Concurrency:32
[22/02/21 23:02:22:434 GMT]  INFO caffine.CaffineCache: ***	 Building Cache : hostaliascache, size:1000,Concurrency:32
[22/02/21 23:02:22:435 GMT] ERROR business.ChainableCacheAdministratorImpl: The cache to locally remove key is invalid. The value was :hostcache
[22/02/21 23:02:22:435 GMT]  INFO caffine.CaffineCache: ***	 Building Cache : hostaliascache, size:1000,Concurrency:32
[22/02/21 23:02:22:438 GMT]  INFO caffine.CaffineCache: ***	 Building Cache : esquerycountcache, size:1000,Concurrency:32
[22/02/21 23:02:22:445 GMT]  INFO caffine.CaffineCache: ***	 Building Cache : esquerycache, size:1000,Concurrency:32
[22/02/21 23:02:22:445 GMT]  INFO caffine.CaffineCache: ***	 Building Cache : esquerycountcache, size:1000,Concurrency:32
[22/02/21 23:02:22:611 GMT] ERROR business.ChainableCacheAdministratorImpl: The cache to locally remove key is invalid. The value was :hostcache
[22/02/21 23:02:22:611 GMT]  INFO caffine.CaffineCache: ***	 Building Cache : hostaliascache, size:1000,Concurrency:32
[22/02/21 23:02:22:611 GMT]  INFO caffine.CaffineCache: ***	 Building Cache : hostaliascache, size:1000,Concurrency:32
[22/02/21 23:02:22:614 GMT]  INFO caffine.CaffineCache: ***	 Building Cache : esquerycache, size:1000,Concurrency:32
[22/02/21 23:02:22:614 GMT]  INFO caffine.CaffineCache: ***	 Building Cache : esquerycountcache, size:1000,Concurrency:32
[22/02/21 23:02:22:614 GMT]  INFO caffine.CaffineCache: ***	 Building Cache : esquerycache, size:1000,Concurrency:32
[22/02/21 23:02:22:614 GMT]  INFO caffine.CaffineCache: ***	 Building Cache : esquerycountcache, size:1000,Concurrency:32
[22/02/21 23:02:22:640 GMT]  INFO caffine.CaffineCache: ***	 Building Cache : hostaliascache, size:1000,Concurrency:32
[22/02/21 23:02:22:640 GMT]  INFO caffine.CaffineCache: ***	 Building Cache : hostaliascache, size:1000,Concurrency:32
[22/02/21 23:02:22:645 GMT]  INFO caffine.CaffineCache: ***	 Building Cache : esquerycache, size:1000,Concurrency:32
[22/02/21 23:02:22:651 GMT]  INFO util.ActivityLogger: class com.dotcms.content.elasticsearch.business.ESContentletAPIImpl: System Host : Publishing Content , StartDate: N/D; EndDate: N/D; User:system; ContentIdentifier: 6da2af8d-e4e2-411b-951c-ab0ef5f58ecb
[22/02/21 23:02:22:657 GMT]  INFO business.ContentletIndexAPIImpl: Indexing: 6da2af8d-e4e2-411b-951c-ab0ef5f58ecb : test1614034942015.dotcms.com, includeDependencies: true, policy: FORCE
[22/02/21 23:02:22:767 GMT]  INFO caffine.CaffineCache: ***	 Building Cache : esquerycache, size:1000,Concurrency:32
[22/02/21 23:02:22:767 GMT]  INFO caffine.CaffineCache: ***	 Building Cache : esquerycountcache, size:1000,Concurrency:32
[22/02/21 23:02:22:767 GMT]  INFO caffine.CaffineCache: ***	 Building Cache : esquerycountcache, size:1000,Concurrency:32
[22/02/21 23:02:22:768 GMT]  INFO caffine.CaffineCache: ***	 Building Cache : esquerycache, size:1000,Concurrency:32
[22/02/21 23:02:22:772 GMT]  INFO util.ActivityLogger: class com.dotcms.content.elasticsearch.business.ESContentletAPIImpl: System Host : Content Published , StartDate: N/D; EndDate: N/D; User:system; ContentIdentifier: 6da2af8d-e4e2-411b-951c-ab0ef5f58ecb
[22/02/21 23:02:22:779 GMT]  INFO caffine.CaffineCache: ***	 Building Cache : esquerycountcache, size:1000,Concurrency:32
[22/02/21 23:02:22:784 GMT]  INFO caffine.CaffineCache: ***	 Building Cache : esquerycache, size:1000,Concurrency:32
[22/02/21 23:02:22:784 GMT]  INFO caffine.CaffineCache: ***	 Building Cache : esquerycountcache, size:1000,Concurrency:32
[22/02/21 23:02:22:851 GMT]  INFO caffine.CaffineCache: ***	 Building Cache : hostaliascache, size:1000,Concurrency:32
[22/02/21 23:02:22:851 GMT]  INFO caffine.CaffineCache: ***	 Building Cache : hostaliascache, size:1000,Concurrency:32
[22/02/21 23:02:22:853 GMT]  WARN shorty.ShortyIdAPIImpl: An error occurred when getting shorty value for '' of type 'CONTENT': shorty  is not a short id.  Short Ids should be 10 chars in length
