[16/02/22 15:56:39:725 UTC]  INFO util.SystemProperties: Loading file:/build/src/core/dotCMS/build/resources/main/system.properties
[16/02/22 15:56:39:730 UTC]  INFO util.SystemProperties: Loading file:/build/src/core/dotCMS/build/resources/main/system-ext.properties
[16/02/22 15:56:39:747 UTC]  INFO util.SystemProperties: Loading file:/build/src/core/dotCMS/build/resources/main/system.properties
[16/02/22 15:56:39:747 UTC]  INFO util.SystemProperties: Loading file:/build/src/core/dotCMS/build/resources/main/system-ext.properties
[16/02/22 15:56:40:239 UTC]  INFO util.Config: Initializing properties reader.
[16/02/22 15:56:40:239 UTC]  INFO util.Config: Loading dotCMS [dotmarketing-config.properties] Properties...
[16/02/22 15:56:40:283 UTC]  INFO util.Config: dotCMS Properties [dotmarketing-config.properties] Loaded
[16/02/22 15:56:40:308 UTC]  INFO util.Config: Loading dotCMS [dotcms-config-cluster.properties] Properties...
[16/02/22 15:56:40:309 UTC]  INFO util.Config: dotCMS Properties [dotcms-config-cluster.properties] Loaded
[16/02/22 15:56:40:313 UTC]  INFO util.Config: Assigned default refresh: 5 minutes.
[16/02/22 15:56:40:321 UTC]  INFO business.CacheLocator: loading cache administrator: ChainableCacheAdministratorImpl
[16/02/22 15:56:40:502 UTC]  WARN hikari.HikariConfig: jdbc/dotCMSPool - idleTimeout is close to or more than maxLifetime, disabling it.
[16/02/22 15:56:40:503 UTC]  INFO hikari.HikariDataSource: jdbc/dotCMSPool - Starting...
[16/02/22 15:56:40:777 UTC]  INFO hikari.HikariDataSource: jdbc/dotCMSPool - Start completed.
[16/02/22 15:56:40:777 UTC]  INFO db.DataSourceStrategyProvider: Datasource loaded using custom class com.dotcms.util.TestDataSourceProvider
[16/02/22 15:56:40:799 UTC]  WARN lang.System: No Valid License Found : /custom/dotsecure/license/license.dat
[16/02/22 15:56:40:799 UTC]  INFO enterprise.LicenseUtil: Setting up default license
[16/02/22 15:56:40:802 UTC]  INFO caffine.CaffineCache: ***	 Cache Config Memory : default: 1000
[16/02/22 15:56:40:802 UTC]  INFO caffine.CaffineCache: ***	 Cache Config Memory : adminconfigpool: 100
[16/02/22 15:56:40:802 UTC]  INFO caffine.CaffineCache: ***	 Cache Config Memory : companypool: 10
[16/02/22 15:56:40:803 UTC]  INFO caffine.CaffineCache: ***	 Cache Config Memory : contentletcache: 5000
[16/02/22 15:56:40:803 UTC]  INFO caffine.CaffineCache: ***	 Cache Config Memory : csscache: 2500
[16/02/22 15:56:40:803 UTC]  INFO caffine.CaffineCache: ***	 Cache Config Memory : fileassetmetadatacache: 200
[16/02/22 15:56:40:803 UTC]  INFO caffine.CaffineCache: ***	 Cache Config Memory : identifiercache: 50000
[16/02/22 15:56:40:803 UTC]  INFO caffine.CaffineCache: ***	 Cache Config Memory : indiciescache: 8
[16/02/22 15:56:40:803 UTC]  INFO caffine.CaffineCache: ***	 Cache Config Memory : logmappercache: 10
[16/02/22 15:56:40:803 UTC]  INFO caffine.CaffineCache: ***	 Cache Config Memory : navcache: 1000
[16/02/22 15:56:40:803 UTC]  INFO caffine.CaffineCache: ***	 Cache Config Memory : parentpermissionablecache: 10000
[16/02/22 15:56:40:803 UTC]  INFO caffine.CaffineCache: ***	 Cache Config Memory : permissioncache: 50000
[16/02/22 15:56:40:803 UTC]  INFO caffine.CaffineCache: ***	 Cache Config Memory : portletpool: 100
[16/02/22 15:56:40:803 UTC]  INFO caffine.CaffineCache: ***	 Cache Config Memory : publishingendpointcache: 100
[16/02/22 15:56:40:803 UTC]  INFO caffine.CaffineCache: ***	 Cache Config Memory : pushedassetscache: 5000
[16/02/22 15:56:40:804 UTC]  INFO caffine.CaffineCache: ***	 Cache Config Memory : structurecache: 500
[16/02/22 15:56:40:804 UTC]  INFO caffine.CaffineCache: ***	 Cache Config Memory : templatecache: 500
[16/02/22 15:56:40:804 UTC]  INFO caffine.CaffineCache: ***	 Cache Config Memory : translatedquerycache: 5000
[16/02/22 15:56:40:804 UTC]  INFO caffine.CaffineCache: ***	 Cache Config Memory : versioncache: 50000
[16/02/22 15:56:40:804 UTC]  INFO caffine.CaffineCache: ***	 Cache Config Memory : versioninfocache: 50000
[16/02/22 15:56:40:804 UTC]  INFO caffine.CaffineCache: ***	 Cache Config Memory : workflowactioncache: 10000
[16/02/22 15:56:40:804 UTC]  INFO caffine.CaffineCache: ***	 Cache Config Memory : workflowtaskcache: 10000
[16/02/22 15:56:40:804 UTC]  INFO caffine.CaffineCache: ***	 Cache Config Memory : shorty: 25000
[16/02/22 15:56:40:804 UTC]  INFO caffine.CaffineCache: ***	 Cache Config Memory : identifier404cache: 5000
[16/02/22 15:56:40:804 UTC]  INFO caffine.CaffineCache: ***	 Cache Config Memory : velocitycache: 1000
[16/02/22 15:56:40:804 UTC]  INFO caffine.CaffineCache: ***	 Cache Config Memory : vanityurlcache: 1000
[16/02/22 15:56:40:804 UTC]  INFO caffine.CaffineCache: ***	 Cache Config Memory : cachedvanityurlgroup: 1000
[16/02/22 15:56:40:813 UTC]  INFO util.StartupTasksUtil: Starting startup tasks.
[16/02/22 15:56:40:822 UTC]  INFO cfg.Environment: Hibernate 2.1.8
[16/02/22 15:56:40:823 UTC]  INFO cfg.Environment: hibernate.properties not found
[16/02/22 15:56:40:823 UTC]  INFO cfg.Environment: using CGLIB reflection optimizer
[16/02/22 15:56:40:823 UTC]  INFO cfg.Environment: using JDK 1.4 java.sql.Timestamp handling
[16/02/22 15:56:40:828 UTC]  INFO cfg.Configuration: configuring from resource: /hibernate.cfg.xml
[16/02/22 15:56:40:828 UTC]  INFO cfg.Configuration: Configuration resource: /hibernate.cfg.xml
[16/02/22 15:56:40:892 UTC]  INFO cfg.Configuration: Configured SessionFactory: null
[16/02/22 15:56:40:893 UTC]  INFO cfg.Configuration: Mapping resource: META-INF/portal-hbm.xml
[16/02/22 15:56:40:962 UTC]  INFO cfg.Binder: Mapping class: com.liferay.portal.ejb.AddressHBM -> Address
[16/02/22 15:56:40:986 UTC]  INFO cfg.Binder: Mapping class: com.liferay.portal.ejb.CompanyHBM -> Company
[16/02/22 15:56:40:987 UTC]  INFO cfg.Binder: Mapping class: com.liferay.portal.ejb.ImageHBM -> Image
[16/02/22 15:56:40:988 UTC]  INFO cfg.Binder: Mapping class: com.liferay.portal.ejb.PasswordTrackerHBM -> PasswordTracker
[16/02/22 15:56:40:989 UTC]  INFO cfg.Binder: Mapping class: com.liferay.portal.ejb.UserHBM -> User_
[16/02/22 15:56:40:993 UTC]  INFO cfg.Binder: Mapping class: com.liferay.portal.ejb.UserTrackerHBM -> UserTracker
[16/02/22 15:56:40:994 UTC]  INFO cfg.Binder: Mapping class: com.liferay.portal.ejb.UserTrackerPathHBM -> UserTrackerPath
[16/02/22 15:56:40:994 UTC]  INFO cfg.Binder: Mapping class: com.liferay.portlet.admin.ejb.AdminConfigHBM -> AdminConfig
[16/02/22 15:56:41:000 UTC]  INFO cfg.Configuration: Mapping resource: com/dotmarketing/beans/DotCMSSeq.hbm.xml
[16/02/22 15:56:41:052 UTC]  INFO cfg.Binder: Mapping class: com.dotmarketing.beans.Inode -> inode
[16/02/22 15:56:41:074 UTC]  INFO cfg.Binder: Mapping joined-subclass: com.dotmarketing.portlets.containers.model.Container -> dot_containers
[16/02/22 15:56:41:076 UTC]  INFO cfg.Binder: Mapping joined-subclass: com.dotmarketing.portlets.folders.model.Folder -> folder
[16/02/22 15:56:41:078 UTC]  INFO cfg.Binder: Mapping joined-subclass: com.dotmarketing.portlets.links.model.Link -> links
[16/02/22 15:56:41:080 UTC]  INFO cfg.Binder: Mapping joined-subclass: com.dotmarketing.portlets.structure.model.Field -> field
[16/02/22 15:56:41:081 UTC]  INFO cfg.Binder: Mapping class: com.dotmarketing.portlets.workflows.model.WorkflowTask -> workflow_task
[16/02/22 15:56:41:082 UTC]  INFO cfg.Binder: Mapping class: com.dotmarketing.portlets.workflows.model.WorkflowComment -> workflow_comment
[16/02/22 15:56:41:083 UTC]  INFO cfg.Binder: Mapping class: com.dotmarketing.portlets.workflows.model.WorkflowHistory -> workflow_history
[16/02/22 15:56:41:083 UTC]  INFO cfg.Binder: Mapping class: com.dotmarketing.portlets.workflows.model.WorkFlowTaskFiles -> workflowtask_files
[16/02/22 15:56:41:084 UTC]  INFO cfg.Binder: Mapping class: com.dotmarketing.beans.Permission -> permission
[16/02/22 15:56:41:085 UTC]  INFO cfg.Binder: Mapping class: com.dotmarketing.beans.PermissionReference -> permission_reference
[16/02/22 15:56:41:085 UTC]  INFO cfg.Binder: Mapping class: com.dotmarketing.beans.Tree -> tree
[16/02/22 15:56:41:161 UTC]  INFO cfg.Binder: Mapping class: com.dotmarketing.beans.MultiTree -> multi_tree
[16/02/22 15:56:41:174 UTC]  INFO util.ReflectHelper: reflection optimizer disabled for: com.dotmarketing.beans.MultiTree, IllegalStateException: Unable to load cache item
[16/02/22 15:56:41:175 UTC]  INFO cfg.Binder: Mapping class: com.dotmarketing.beans.Clickstream -> clickstream
[16/02/22 15:56:41:179 UTC]  INFO cfg.Binder: Mapping class: com.dotmarketing.beans.ClickstreamRequest -> clickstream_request
[16/02/22 15:56:41:180 UTC]  INFO cfg.Binder: Mapping class: com.dotmarketing.beans.Clickstream404 -> clickstream_404
[16/02/22 15:56:41:180 UTC]  INFO cfg.Binder: Mapping class: com.dotmarketing.tag.model.Tag -> tag
[16/02/22 15:56:41:181 UTC]  INFO cfg.Binder: Mapping class: com.dotmarketing.tag.model.TagInode -> tag_inode
[16/02/22 15:56:41:184 UTC]  INFO cfg.Binder: Mapping class: com.dotmarketing.beans.ChallengeQuestion -> challenge_question
[16/02/22 15:56:41:185 UTC]  INFO cfg.Binder: Mapping class: com.dotmarketing.beans.UsersToDelete -> users_to_delete
[16/02/22 15:56:41:185 UTC]  INFO cfg.Binder: Mapping class: com.dotmarketing.plugin.model.Plugin -> plugin
[16/02/22 15:56:41:185 UTC]  INFO cfg.Binder: Mapping class: com.dotmarketing.business.Role -> cms_role
[16/02/22 15:56:41:186 UTC]  INFO cfg.Binder: Mapping class: com.dotmarketing.business.UsersRoles -> users_cms_roles
[16/02/22 15:56:41:186 UTC]  INFO cfg.Binder: Mapping class: com.dotmarketing.business.LayoutsRoles -> layouts_cms_roles
[16/02/22 15:56:41:186 UTC]  INFO cfg.Binder: Mapping class: com.dotmarketing.business.Layout -> cms_layout
[16/02/22 15:56:41:187 UTC]  INFO cfg.Binder: Mapping class: com.dotmarketing.business.PortletsLayouts -> cms_layouts_portlets
[16/02/22 15:56:41:187 UTC]  INFO cfg.Binder: Mapping class: com.dotmarketing.portlets.hostvariable.model.HostVariable -> host_variable
[16/02/22 15:56:41:187 UTC]  INFO cfg.Binder: Mapping class: com.dotmarketing.beans.FixAudit -> fixes_audit
[16/02/22 15:56:41:188 UTC]  INFO cfg.Binder: Mapping class: com.dotmarketing.beans.ContainerStructure -> container_structures
[16/02/22 15:56:41:188 UTC]  INFO cfg.Binder: Mapping class: com.dotmarketing.portlets.templates.model.TemplateVersionInfo -> template_version_info
[16/02/22 15:56:41:188 UTC]  INFO cfg.Binder: Mapping class: com.dotmarketing.portlets.containers.model.ContainerVersionInfo -> container_version_info
[16/02/22 15:56:41:189 UTC]  INFO cfg.Binder: Mapping class: com.dotmarketing.portlets.links.model.LinkVersionInfo -> link_version_info
[16/02/22 15:56:41:189 UTC]  INFO cfg.Configuration: Mapping resource: com/dotmarketing/beans/DotCMSSeq_NOSQLGEN.hbm.xml
[16/02/22 15:56:41:195 UTC]  INFO cfg.Binder: Mapping class: com.dotmarketing.plugin.model.PluginProperty -> plugin_property
[16/02/22 15:56:41:200 UTC]  INFO cfg.Configuration: processing one-to-many association mappings
[16/02/22 15:56:41:200 UTC]  INFO cfg.Binder: Mapping collection: com.dotmarketing.beans.Clickstream.clickstreamRequests -> clickstream_request
[16/02/22 15:56:41:201 UTC]  INFO cfg.Configuration: processing one-to-one association property references
[16/02/22 15:56:41:201 UTC]  INFO cfg.Configuration: processing foreign key constraints
[16/02/22 15:56:41:208 UTC]  INFO dialect.Dialect: Using dialect: com.dotcms.repackage.net.sf.hibernate.dialect.PostgreSQLDialect
[16/02/22 15:56:41:210 UTC]  INFO cfg.SettingsFactory: Use outer join fetching: true
[16/02/22 15:56:41:211 UTC]  WARN connection.UserSuppliedConnectionProvider: No connection properties specified - the user must supply JDBC connections
[16/02/22 15:56:41:213 UTC]  INFO transaction.TransactionManagerLookupFactory: No TransactionManagerLookup configured (in JTA environment, use of process level read-write cache is not recommended)
[16/02/22 15:56:41:213 UTC]  INFO cfg.SettingsFactory: Use scrollable result sets: true
[16/02/22 15:56:41:213 UTC]  INFO cfg.SettingsFactory: Use JDBC3 getGeneratedKeys(): false
[16/02/22 15:56:41:213 UTC]  INFO cfg.SettingsFactory: Optimize cache for minimal puts: false
[16/02/22 15:56:41:213 UTC]  INFO cfg.SettingsFactory: Query language substitutions: {}
[16/02/22 15:56:41:213 UTC]  INFO cfg.SettingsFactory: cache provider: com.dotmarketing.db.NoCacheProvider
[16/02/22 15:56:41:214 UTC]  INFO cfg.Configuration: instantiating and configuring caches
[16/02/22 15:56:41:220 UTC]  INFO impl.SessionFactoryImpl: building session factory
[16/02/22 15:56:41:302 UTC]  INFO cfg.Configuration: configuring from resource: /hibernate.cfg.xml
[16/02/22 15:56:41:302 UTC]  INFO cfg.Configuration: Configuration resource: /hibernate.cfg.xml
[16/02/22 15:56:41:308 UTC]  INFO cfg.Configuration: Configured SessionFactory: null
[16/02/22 15:56:41:310 UTC]  INFO cfg.Configuration: Mapping resource: META-INF/portal-hbm.xml
[16/02/22 15:56:41:321 UTC]  INFO cfg.Binder: Mapping class: com.liferay.portal.ejb.AddressHBM -> Address
[16/02/22 15:56:41:321 UTC]  INFO cfg.Binder: Mapping class: com.liferay.portal.ejb.CompanyHBM -> Company
[16/02/22 15:56:41:322 UTC]  INFO cfg.Binder: Mapping class: com.liferay.portal.ejb.ImageHBM -> Image
[16/02/22 15:56:41:322 UTC]  INFO cfg.Binder: Mapping class: com.liferay.portal.ejb.PasswordTrackerHBM -> PasswordTracker
[16/02/22 15:56:41:322 UTC]  INFO cfg.Binder: Mapping class: com.liferay.portal.ejb.UserHBM -> User_
[16/02/22 15:56:41:329 UTC]  INFO cfg.Binder: Mapping class: com.liferay.portal.ejb.UserTrackerHBM -> UserTracker
[16/02/22 15:56:41:329 UTC]  INFO cfg.Binder: Mapping class: com.liferay.portal.ejb.UserTrackerPathHBM -> UserTrackerPath
[16/02/22 15:56:41:329 UTC]  INFO cfg.Binder: Mapping class: com.liferay.portlet.admin.ejb.AdminConfigHBM -> AdminConfig
[16/02/22 15:56:41:329 UTC]  INFO cfg.Configuration: Mapping resource: com/dotmarketing/beans/DotCMSSeq.hbm.xml
[16/02/22 15:56:41:351 UTC]  INFO cfg.Binder: Mapping class: com.dotmarketing.beans.Inode -> inode
[16/02/22 15:56:41:351 UTC]  INFO cfg.Binder: Mapping joined-subclass: com.dotmarketing.portlets.containers.model.Container -> dot_containers
[16/02/22 15:56:41:351 UTC]  INFO cfg.Binder: Mapping joined-subclass: com.dotmarketing.portlets.folders.model.Folder -> folder
[16/02/22 15:56:41:355 UTC]  INFO cfg.Binder: Mapping joined-subclass: com.dotmarketing.portlets.links.model.Link -> links
[16/02/22 15:56:41:356 UTC]  INFO cfg.Binder: Mapping joined-subclass: com.dotmarketing.portlets.structure.model.Field -> field
[16/02/22 15:56:41:356 UTC]  INFO cfg.Binder: Mapping class: com.dotmarketing.portlets.workflows.model.WorkflowTask -> workflow_task
[16/02/22 15:56:41:356 UTC]  INFO cfg.Binder: Mapping class: com.dotmarketing.portlets.workflows.model.WorkflowComment -> workflow_comment
[16/02/22 15:56:41:356 UTC]  INFO cfg.Binder: Mapping class: com.dotmarketing.portlets.workflows.model.WorkflowHistory -> workflow_history
[16/02/22 15:56:41:356 UTC]  INFO cfg.Binder: Mapping class: com.dotmarketing.portlets.workflows.model.WorkFlowTaskFiles -> workflowtask_files
[16/02/22 15:56:41:356 UTC]  INFO cfg.Binder: Mapping class: com.dotmarketing.beans.Permission -> permission
[16/02/22 15:56:41:357 UTC]  INFO cfg.Binder: Mapping class: com.dotmarketing.beans.PermissionReference -> permission_reference
[16/02/22 15:56:41:357 UTC]  INFO cfg.Binder: Mapping class: com.dotmarketing.beans.Tree -> tree
[16/02/22 15:56:41:359 UTC]  INFO cfg.Binder: Mapping class: com.dotmarketing.beans.MultiTree -> multi_tree
[16/02/22 15:56:41:360 UTC]  INFO util.ReflectHelper: reflection optimizer disabled for: com.dotmarketing.beans.MultiTree, IllegalStateException: Unable to load cache item
[16/02/22 15:56:41:360 UTC]  INFO cfg.Binder: Mapping class: com.dotmarketing.beans.Clickstream -> clickstream
[16/02/22 15:56:41:360 UTC]  INFO cfg.Binder: Mapping class: com.dotmarketing.beans.ClickstreamRequest -> clickstream_request
[16/02/22 15:56:41:360 UTC]  INFO cfg.Binder: Mapping class: com.dotmarketing.beans.Clickstream404 -> clickstream_404
[16/02/22 15:56:41:360 UTC]  INFO cfg.Binder: Mapping class: com.dotmarketing.tag.model.Tag -> tag
[16/02/22 15:56:41:360 UTC]  INFO cfg.Binder: Mapping class: com.dotmarketing.tag.model.TagInode -> tag_inode
[16/02/22 15:56:41:361 UTC]  INFO cfg.Binder: Mapping class: com.dotmarketing.beans.ChallengeQuestion -> challenge_question
[16/02/22 15:56:41:361 UTC]  INFO cfg.Binder: Mapping class: com.dotmarketing.beans.UsersToDelete -> users_to_delete
[16/02/22 15:56:41:361 UTC]  INFO cfg.Binder: Mapping class: com.dotmarketing.plugin.model.Plugin -> plugin
[16/02/22 15:56:41:361 UTC]  INFO cfg.Binder: Mapping class: com.dotmarketing.business.Role -> cms_role
[16/02/22 15:56:41:362 UTC]  INFO cfg.Binder: Mapping class: com.dotmarketing.business.UsersRoles -> users_cms_roles
[16/02/22 15:56:41:362 UTC]  INFO cfg.Binder: Mapping class: com.dotmarketing.business.LayoutsRoles -> layouts_cms_roles
[16/02/22 15:56:41:362 UTC]  INFO cfg.Binder: Mapping class: com.dotmarketing.business.Layout -> cms_layout
[16/02/22 15:56:41:363 UTC]  INFO cfg.Binder: Mapping class: com.dotmarketing.business.PortletsLayouts -> cms_layouts_portlets
[16/02/22 15:56:41:363 UTC]  INFO cfg.Binder: Mapping class: com.dotmarketing.portlets.hostvariable.model.HostVariable -> host_variable
[16/02/22 15:56:41:363 UTC]  INFO cfg.Binder: Mapping class: com.dotmarketing.beans.FixAudit -> fixes_audit
[16/02/22 15:56:41:363 UTC]  INFO cfg.Binder: Mapping class: com.dotmarketing.beans.ContainerStructure -> container_structures
[16/02/22 15:56:41:363 UTC]  INFO cfg.Binder: Mapping class: com.dotmarketing.portlets.templates.model.TemplateVersionInfo -> template_version_info
[16/02/22 15:56:41:363 UTC]  INFO cfg.Binder: Mapping class: com.dotmarketing.portlets.containers.model.ContainerVersionInfo -> container_version_info
[16/02/22 15:56:41:363 UTC]  INFO cfg.Binder: Mapping class: com.dotmarketing.portlets.links.model.LinkVersionInfo -> link_version_info
[16/02/22 15:56:41:364 UTC]  INFO cfg.Configuration: Mapping resource: com/dotmarketing/beans/DotCMSSeq_NOSQLGEN.hbm.xml
[16/02/22 15:56:41:371 UTC]  INFO cfg.Binder: Mapping class: com.dotmarketing.plugin.model.PluginProperty -> plugin_property
[16/02/22 15:56:41:372 UTC]  INFO cfg.Configuration: processing one-to-many association mappings
[16/02/22 15:56:41:372 UTC]  INFO cfg.Binder: Mapping collection: com.dotmarketing.beans.Clickstream.clickstreamRequests -> clickstream_request
[16/02/22 15:56:41:372 UTC]  INFO cfg.Configuration: processing one-to-one association property references
[16/02/22 15:56:41:372 UTC]  INFO cfg.Configuration: processing foreign key constraints
[16/02/22 15:56:41:373 UTC]  INFO dialect.Dialect: Using dialect: com.dotcms.repackage.net.sf.hibernate.dialect.PostgreSQLDialect
[16/02/22 15:56:41:373 UTC]  INFO cfg.SettingsFactory: Use outer join fetching: true
[16/02/22 15:56:41:373 UTC]  WARN connection.UserSuppliedConnectionProvider: No connection properties specified - the user must supply JDBC connections
[16/02/22 15:56:41:373 UTC]  INFO transaction.TransactionManagerLookupFactory: No TransactionManagerLookup configured (in JTA environment, use of process level read-write cache is not recommended)
[16/02/22 15:56:41:373 UTC]  INFO cfg.SettingsFactory: Use scrollable result sets: true
[16/02/22 15:56:41:373 UTC]  INFO cfg.SettingsFactory: Use JDBC3 getGeneratedKeys(): false
[16/02/22 15:56:41:373 UTC]  INFO cfg.SettingsFactory: Optimize cache for minimal puts: false
[16/02/22 15:56:41:373 UTC]  INFO cfg.SettingsFactory: Query language substitutions: {}
[16/02/22 15:56:41:373 UTC]  INFO cfg.SettingsFactory: cache provider: com.dotmarketing.db.NoCacheProvider
[16/02/22 15:56:41:373 UTC]  INFO cfg.Configuration: instantiating and configuring caches
[16/02/22 15:56:41:373 UTC]  INFO impl.SessionFactoryImpl: building session factory
[16/02/22 15:56:41:386 UTC] ERROR util.IntegrationTestInitService: Error initializing Integration Test Init Service
com.dotmarketing.business.DotStateException: Unable to get Hibernate Session 
	at com.dotmarketing.db.HibernateUtil.getSession(HibernateUtil.java:809) ~[main/:?]
	at com.dotmarketing.db.HibernateUtil.sessionCleanupAndRollback(HibernateUtil.java:1250) ~[main/:?]
	at com.dotmarketing.db.HibernateUtil.rollbackTransaction(HibernateUtil.java:1218) ~[main/:?]
	at com.dotcms.util.StartupTasksUtil.init(StartupTasksUtil.java:67) ~[integrationTest/:?]
	at com.dotcms.util.IntegrationTestInitService.init(IntegrationTestInitService.java:47) ~[integrationTest/:?]
	at com.dotcms.enterprise.publishing.remote.bundler.RuleBundlerTest.prepare(RuleBundlerTest.java:43) ~[integrationTest/:?]
	at com.dotcms.enterprise.publishing.remote.bundler.RuleBundlerTest.rules(RuleBundlerTest.java:49) ~[integrationTest/:?]
	at jdk.internal.reflect.NativeMethodAccessorImpl.invoke0(Native Method) ~[?:?]
	at jdk.internal.reflect.NativeMethodAccessorImpl.invoke(NativeMethodAccessorImpl.java:62) ~[?:?]
	at jdk.internal.reflect.DelegatingMethodAccessorImpl.invoke(DelegatingMethodAccessorImpl.java:43) ~[?:?]
	at java.lang.reflect.Method.invoke(Method.java:566) ~[?:?]
	at org.junit.runners.model.FrameworkMethod$1.runReflectiveCall(FrameworkMethod.java:50) ~[junit-4.12.jar:4.12]
	at org.junit.internal.runners.model.ReflectiveCallable.run(ReflectiveCallable.java:12) ~[junit-4.12.jar:4.12]
	at org.junit.runners.model.FrameworkMethod.invokeExplosively(FrameworkMethod.java:47) ~[junit-4.12.jar:4.12]
	at com.tngtech.java.junit.dataprovider.internal.TestGenerator.explodeTestMethod(TestGenerator.java:100) ~[junit4-dataprovider-2.6.jar:2.6]
	at com.tngtech.java.junit.dataprovider.internal.TestGenerator.generateExplodedTestMethodsFor(TestGenerator.java:58) ~[junit4-dataprovider-2.6.jar:2.6]
	at com.tngtech.java.junit.dataprovider.DataProviderRunner.generateExplodedTestMethodsFor(DataProviderRunner.java:227) ~[junit4-dataprovider-2.6.jar:2.6]
	at com.tngtech.java.junit.dataprovider.DataProviderRunner.computeTestMethods(DataProviderRunner.java:181) ~[junit4-dataprovider-2.6.jar:2.6]
	at com.tngtech.java.junit.dataprovider.DataProviderRunner.validateInstanceMethods(DataProviderRunner.java:113) ~[junit4-dataprovider-2.6.jar:2.6]
	at org.junit.runners.BlockJUnit4ClassRunner.collectInitializationErrors(BlockJUnit4ClassRunner.java:128) ~[junit-4.12.jar:4.12]
	at com.tngtech.java.junit.dataprovider.DataProviderRunner.collectInitializationErrors(DataProviderRunner.java:88) ~[junit4-dataprovider-2.6.jar:2.6]
	at org.junit.runners.ParentRunner.validate(ParentRunner.java:416) ~[junit-4.12.jar:4.12]
	at org.junit.runners.ParentRunner.<init>(ParentRunner.java:84) ~[junit-4.12.jar:4.12]
	at org.junit.runners.BlockJUnit4ClassRunner.<init>(BlockJUnit4ClassRunner.java:65) ~[junit-4.12.jar:4.12]
	at com.tngtech.java.junit.dataprovider.DataProviderRunner.<init>(DataProviderRunner.java:79) ~[junit4-dataprovider-2.6.jar:2.6]
	at com.dotcms.junit.CustomDataProviderRunner.<init>(CustomDataProviderRunner.java:16) ~[integrationTest/:?]
	at com.dotcms.junit.MainBaseSuite.getRunners(MainBaseSuite.java:37) ~[integrationTest/:?]
	at com.dotcms.junit.MainBaseSuite.<init>(MainBaseSuite.java:17) ~[integrationTest/:?]
	at jdk.internal.reflect.NativeConstructorAccessorImpl.newInstance0(Native Method) ~[?:?]
	at jdk.internal.reflect.NativeConstructorAccessorImpl.newInstance(NativeConstructorAccessorImpl.java:62) ~[?:?]
	at jdk.internal.reflect.DelegatingConstructorAccessorImpl.newInstance(DelegatingConstructorAccessorImpl.java:45) ~[?:?]
	at java.lang.reflect.Constructor.newInstance(Constructor.java:490) ~[?:?]
	at org.junit.internal.builders.AnnotatedBuilder.buildRunner(AnnotatedBuilder.java:107) ~[junit-4.12.jar:4.12]
	at org.junit.internal.builders.AnnotatedBuilder.runnerForClass(AnnotatedBuilder.java:86) ~[junit-4.12.jar:4.12]
	at org.junit.runners.model.RunnerBuilder.safeRunnerForClass(RunnerBuilder.java:59) ~[junit-4.12.jar:4.12]
	at org.junit.internal.builders.AllDefaultPossibilitiesBuilder.runnerForClass(AllDefaultPossibilitiesBuilder.java:26) ~[junit-4.12.jar:4.12]
	at org.junit.runners.model.RunnerBuilder.safeRunnerForClass(RunnerBuilder.java:59) ~[junit-4.12.jar:4.12]
	at org.junit.internal.requests.ClassRequest.getRunner(ClassRequest.java:33) ~[junit-4.12.jar:4.12]
	at org.gradle.api.internal.tasks.testing.junit.JUnitTestClassExecutor.runTestClass(JUnitTestClassExecutor.java:78) ~[?:?]
	at org.gradle.api.internal.tasks.testing.junit.JUnitTestClassExecutor.execute(JUnitTestClassExecutor.java:58) ~[?:?]
	at org.gradle.api.internal.tasks.testing.junit.JUnitTestClassExecutor.execute(JUnitTestClassExecutor.java:38) ~[?:?]
	at org.gradle.api.internal.tasks.testing.junit.AbstractJUnitTestClassProcessor.processTestClass(AbstractJUnitTestClassProcessor.java:66) ~[?:?]
	at org.gradle.api.internal.tasks.testing.SuiteTestClassProcessor.processTestClass(SuiteTestClassProcessor.java:51) ~[?:?]
	at jdk.internal.reflect.NativeMethodAccessorImpl.invoke0(Native Method) ~[?:?]
	at jdk.internal.reflect.NativeMethodAccessorImpl.invoke(NativeMethodAccessorImpl.java:62) ~[?:?]
	at jdk.internal.reflect.DelegatingMethodAccessorImpl.invoke(DelegatingMethodAccessorImpl.java:43) ~[?:?]
	at java.lang.reflect.Method.invoke(Method.java:566) ~[?:?]
	at org.gradle.internal.dispatch.ReflectionDispatch.dispatch(ReflectionDispatch.java:35) ~[?:?]
	at org.gradle.internal.dispatch.ReflectionDispatch.dispatch(ReflectionDispatch.java:24) ~[?:?]
	at org.gradle.internal.dispatch.ContextClassLoaderDispatch.dispatch(ContextClassLoaderDispatch.java:32) ~[?:?]
	at org.gradle.internal.dispatch.ProxyDispatchAdapter$DispatchingInvocationHandler.invoke(ProxyDispatchAdapter.java:93) ~[?:?]
	at com.sun.proxy.$Proxy2.processTestClass(Unknown Source) ~[?:?]
	at org.gradle.api.internal.tasks.testing.worker.TestWorker.processTestClass(TestWorker.java:117) ~[?:?]
	at jdk.internal.reflect.NativeMethodAccessorImpl.invoke0(Native Method) ~[?:?]
	at jdk.internal.reflect.NativeMethodAccessorImpl.invoke(NativeMethodAccessorImpl.java:62) ~[?:?]
	at jdk.internal.reflect.DelegatingMethodAccessorImpl.invoke(DelegatingMethodAccessorImpl.java:43) ~[?:?]
	at java.lang.reflect.Method.invoke(Method.java:566) ~[?:?]
	at org.gradle.internal.dispatch.ReflectionDispatch.dispatch(ReflectionDispatch.java:35) ~[?:?]
	at org.gradle.internal.dispatch.ReflectionDispatch.dispatch(ReflectionDispatch.java:24) ~[?:?]
	at org.gradle.internal.remote.internal.hub.MessageHubBackedObjectConnection$DispatchWrapper.dispatch(MessageHubBackedObjectConnection.java:155) ~[?:?]
	at org.gradle.internal.remote.internal.hub.MessageHubBackedObjectConnection$DispatchWrapper.dispatch(MessageHubBackedObjectConnection.java:137) ~[?:?]
	at org.gradle.internal.remote.internal.hub.MessageHub$Handler.run(MessageHub.java:404) ~[?:?]
	at org.gradle.internal.concurrent.ExecutorPolicy$CatchAndRecordFailures.onExecute(ExecutorPolicy.java:63) ~[?:?]
	at org.gradle.internal.concurrent.ManagedExecutorImpl$1.run(ManagedExecutorImpl.java:46) ~[?:?]
	at java.util.concurrent.ThreadPoolExecutor.runWorker(ThreadPoolExecutor.java:1128) ~[?:?]
	at java.util.concurrent.ThreadPoolExecutor$Worker.run(ThreadPoolExecutor.java:628) ~[?:?]
	at org.gradle.internal.concurrent.ThreadFactoryImpl$ManagedThreadRunnable.run(ThreadFactoryImpl.java:55) ~[?:?]
	at java.lang.Thread.run(Thread.java:829) [?:?]
Caused by: com.dotmarketing.business.DotStateException: Unable to build Session Factory 
	at com.dotmarketing.db.HibernateUtil.buildSessionFactory(HibernateUtil.java:668) ~[main/:?]
	at com.dotmarketing.db.HibernateUtil.getSessionIfOpened(HibernateUtil.java:718) ~[main/:?]
	at com.dotmarketing.db.HibernateUtil.getSession(HibernateUtil.java:769) ~[main/:?]
	... 67 more
Caused by: com.dotcms.repackage.net.sf.hibernate.PropertyNotFoundException: Could not find a getter for iDate in class com.dotmarketing.portlets.folders.model.Folder
	at com.dotcms.repackage.net.sf.hibernate.property.BasicPropertyAccessor.getGetter(BasicPropertyAccessor.java:182) ~[dot.hibernate-2.1.7_3.jar:?]
	at com.dotcms.repackage.net.sf.hibernate.mapping.Property.getGetter(Property.java:175) ~[dot.hibernate-2.1.7_3.jar:?]
	at com.dotcms.repackage.net.sf.hibernate.persister.AbstractEntityPersister.<init>(AbstractEntityPersister.java:749) ~[dot.hibernate-2.1.7_3.jar:?]
	at com.dotcms.repackage.net.sf.hibernate.persister.NormalizedEntityPersister.<init>(NormalizedEntityPersister.java:684) ~[dot.hibernate-2.1.7_3.jar:?]
	at com.dotcms.repackage.net.sf.hibernate.persister.PersisterFactory.createClassPersister(PersisterFactory.java:45) ~[dot.hibernate-2.1.7_3.jar:?]
	at com.dotcms.repackage.net.sf.hibernate.impl.SessionFactoryImpl.<init>(SessionFactoryImpl.java:137) ~[dot.hibernate-2.1.7_3.jar:?]
	at com.dotcms.repackage.net.sf.hibernate.cfg.Configuration.buildSessionFactory(Configuration.java:805) ~[dot.hibernate-2.1.7_3.jar:?]
	at com.dotmarketing.db.HibernateUtil.buildSessionFactory(HibernateUtil.java:663) ~[main/:?]
	at com.dotmarketing.db.HibernateUtil.getSessionIfOpened(HibernateUtil.java:718) ~[main/:?]
	at com.dotmarketing.db.HibernateUtil.getSession(HibernateUtil.java:769) ~[main/:?]
	... 67 more
[16/02/22 15:56:41:626 UTC]  INFO caffine.CaffineCache: ***	 Building Cache : dotcmsrolecache, size:1000,Concurrency:32
[16/02/22 15:56:41:632 UTC]  INFO caffine.CaffineCache: ***	 Building Cache : dotcmsrolekeycache, size:1000,Concurrency:32
[16/02/22 15:56:41:633 UTC]  INFO cfg.Configuration: configuring from resource: /hibernate.cfg.xml
[16/02/22 15:56:41:633 UTC]  INFO cfg.Configuration: Configuration resource: /hibernate.cfg.xml
[16/02/22 15:56:41:635 UTC]  INFO cfg.Configuration: Configured SessionFactory: null
[16/02/22 15:56:41:635 UTC]  INFO cfg.Configuration: Mapping resource: META-INF/portal-hbm.xml
[16/02/22 15:56:41:640 UTC]  INFO cfg.Binder: Mapping class: com.liferay.portal.ejb.AddressHBM -> Address
[16/02/22 15:56:41:640 UTC]  INFO cfg.Binder: Mapping class: com.liferay.portal.ejb.CompanyHBM -> Company
[16/02/22 15:56:41:641 UTC]  INFO cfg.Binder: Mapping class: com.liferay.portal.ejb.ImageHBM -> Image
[16/02/22 15:56:41:641 UTC]  INFO cfg.Binder: Mapping class: com.liferay.portal.ejb.PasswordTrackerHBM -> PasswordTracker
[16/02/22 15:56:41:641 UTC]  INFO cfg.Binder: Mapping class: com.liferay.portal.ejb.UserHBM -> User_
[16/02/22 15:56:41:642 UTC]  INFO cfg.Binder: Mapping class: com.liferay.portal.ejb.UserTrackerHBM -> UserTracker
[16/02/22 15:56:41:643 UTC]  INFO cfg.Binder: Mapping class: com.liferay.portal.ejb.UserTrackerPathHBM -> UserTrackerPath
[16/02/22 15:56:41:643 UTC]  INFO cfg.Binder: Mapping class: com.liferay.portlet.admin.ejb.AdminConfigHBM -> AdminConfig
[16/02/22 15:56:41:643 UTC]  INFO cfg.Configuration: Mapping resource: com/dotmarketing/beans/DotCMSSeq.hbm.xml
[16/02/22 15:56:41:661 UTC]  INFO cfg.Binder: Mapping class: com.dotmarketing.beans.Inode -> inode
[16/02/22 15:56:41:661 UTC]  INFO cfg.Binder: Mapping joined-subclass: com.dotmarketing.portlets.containers.model.Container -> dot_containers
[16/02/22 15:56:41:661 UTC]  INFO cfg.Binder: Mapping joined-subclass: com.dotmarketing.portlets.folders.model.Folder -> folder
[16/02/22 15:56:41:661 UTC]  INFO cfg.Binder: Mapping joined-subclass: com.dotmarketing.portlets.links.model.Link -> links
[16/02/22 15:56:41:662 UTC]  INFO cfg.Binder: Mapping joined-subclass: com.dotmarketing.portlets.structure.model.Field -> field
[16/02/22 15:56:41:662 UTC]  INFO cfg.Binder: Mapping class: com.dotmarketing.portlets.workflows.model.WorkflowTask -> workflow_task
[16/02/22 15:56:41:662 UTC]  INFO cfg.Binder: Mapping class: com.dotmarketing.portlets.workflows.model.WorkflowComment -> workflow_comment
[16/02/22 15:56:41:662 UTC]  INFO cfg.Binder: Mapping class: com.dotmarketing.portlets.workflows.model.WorkflowHistory -> workflow_history
[16/02/22 15:56:41:662 UTC]  INFO cfg.Binder: Mapping class: com.dotmarketing.portlets.workflows.model.WorkFlowTaskFiles -> workflowtask_files
[16/02/22 15:56:41:663 UTC]  INFO cfg.Binder: Mapping class: com.dotmarketing.beans.Permission -> permission
[16/02/22 15:56:41:663 UTC]  INFO cfg.Binder: Mapping class: com.dotmarketing.beans.PermissionReference -> permission_reference
[16/02/22 15:56:41:663 UTC]  INFO cfg.Binder: Mapping class: com.dotmarketing.beans.Tree -> tree
[16/02/22 15:56:41:663 UTC]  INFO cfg.Binder: Mapping class: com.dotmarketing.beans.MultiTree -> multi_tree
[16/02/22 15:56:41:663 UTC]  INFO util.ReflectHelper: reflection optimizer disabled for: com.dotmarketing.beans.MultiTree, IllegalStateException: Unable to load cache item
[16/02/22 15:56:41:664 UTC]  INFO cfg.Binder: Mapping class: com.dotmarketing.beans.Clickstream -> clickstream
[16/02/22 15:56:41:664 UTC]  INFO cfg.Binder: Mapping class: com.dotmarketing.beans.ClickstreamRequest -> clickstream_request
[16/02/22 15:56:41:664 UTC]  INFO cfg.Binder: Mapping class: com.dotmarketing.beans.Clickstream404 -> clickstream_404
[16/02/22 15:56:41:664 UTC]  INFO cfg.Binder: Mapping class: com.dotmarketing.tag.model.Tag -> tag
[16/02/22 15:56:41:664 UTC]  INFO cfg.Binder: Mapping class: com.dotmarketing.tag.model.TagInode -> tag_inode
[16/02/22 15:56:41:664 UTC]  INFO cfg.Binder: Mapping class: com.dotmarketing.beans.ChallengeQuestion -> challenge_question
[16/02/22 15:56:41:664 UTC]  INFO cfg.Binder: Mapping class: com.dotmarketing.beans.UsersToDelete -> users_to_delete
[16/02/22 15:56:41:665 UTC]  INFO cfg.Binder: Mapping class: com.dotmarketing.plugin.model.Plugin -> plugin
[16/02/22 15:56:41:665 UTC]  INFO cfg.Binder: Mapping class: com.dotmarketing.business.Role -> cms_role
[16/02/22 15:56:41:665 UTC]  INFO cfg.Binder: Mapping class: com.dotmarketing.business.UsersRoles -> users_cms_roles
[16/02/22 15:56:41:665 UTC]  INFO cfg.Binder: Mapping class: com.dotmarketing.business.LayoutsRoles -> layouts_cms_roles
[16/02/22 15:56:41:665 UTC]  INFO cfg.Binder: Mapping class: com.dotmarketing.business.Layout -> cms_layout
[16/02/22 15:56:41:665 UTC]  INFO cfg.Binder: Mapping class: com.dotmarketing.business.PortletsLayouts -> cms_layouts_portlets
[16/02/22 15:56:41:665 UTC]  INFO cfg.Binder: Mapping class: com.dotmarketing.portlets.hostvariable.model.HostVariable -> host_variable
[16/02/22 15:56:41:665 UTC]  INFO cfg.Binder: Mapping class: com.dotmarketing.beans.FixAudit -> fixes_audit
[16/02/22 15:56:41:665 UTC]  INFO cfg.Binder: Mapping class: com.dotmarketing.beans.ContainerStructure -> container_structures
[16/02/22 15:56:41:665 UTC]  INFO cfg.Binder: Mapping class: com.dotmarketing.portlets.templates.model.TemplateVersionInfo -> template_version_info
[16/02/22 15:56:41:666 UTC]  INFO cfg.Binder: Mapping class: com.dotmarketing.portlets.containers.model.ContainerVersionInfo -> container_version_info
[16/02/22 15:56:41:666 UTC]  INFO cfg.Binder: Mapping class: com.dotmarketing.portlets.links.model.LinkVersionInfo -> link_version_info
[16/02/22 15:56:41:666 UTC]  INFO cfg.Configuration: Mapping resource: com/dotmarketing/beans/DotCMSSeq_NOSQLGEN.hbm.xml
[16/02/22 15:56:41:676 UTC]  INFO cfg.Binder: Mapping class: com.dotmarketing.plugin.model.PluginProperty -> plugin_property
[16/02/22 15:56:41:677 UTC]  INFO cfg.Configuration: processing one-to-many association mappings
[16/02/22 15:56:41:677 UTC]  INFO cfg.Binder: Mapping collection: com.dotmarketing.beans.Clickstream.clickstreamRequests -> clickstream_request
[16/02/22 15:56:41:677 UTC]  INFO cfg.Configuration: processing one-to-one association property references
[16/02/22 15:56:41:677 UTC]  INFO cfg.Configuration: processing foreign key constraints
[16/02/22 15:56:41:677 UTC]  INFO dialect.Dialect: Using dialect: com.dotcms.repackage.net.sf.hibernate.dialect.PostgreSQLDialect
[16/02/22 15:56:41:677 UTC]  INFO cfg.SettingsFactory: Use outer join fetching: true
[16/02/22 15:56:41:677 UTC]  WARN connection.UserSuppliedConnectionProvider: No connection properties specified - the user must supply JDBC connections
[16/02/22 15:56:41:677 UTC]  INFO transaction.TransactionManagerLookupFactory: No TransactionManagerLookup configured (in JTA environment, use of process level read-write cache is not recommended)
[16/02/22 15:56:41:678 UTC]  INFO cfg.SettingsFactory: Use scrollable result sets: true
[16/02/22 15:56:41:678 UTC]  INFO cfg.SettingsFactory: Use JDBC3 getGeneratedKeys(): false
[16/02/22 15:56:41:678 UTC]  INFO cfg.SettingsFactory: Optimize cache for minimal puts: false
[16/02/22 15:56:41:678 UTC]  INFO cfg.SettingsFactory: Query language substitutions: {}
[16/02/22 15:56:41:678 UTC]  INFO cfg.SettingsFactory: cache provider: com.dotmarketing.db.NoCacheProvider
[16/02/22 15:56:41:678 UTC]  INFO cfg.Configuration: instantiating and configuring caches
[16/02/22 15:56:41:678 UTC]  INFO impl.SessionFactoryImpl: building session factory
