[18/05/21 16:18:11:341 GMT]  INFO util.SystemProperties: Loading file:/build/src/core/dotCMS/build/resources/main/system.properties
[18/05/21 16:18:11:355 GMT]  INFO util.SystemProperties: Loading file:/build/src/core/dotCMS/build/resources/main/system-ext.properties
[18/05/21 16:18:11:374 GMT]  INFO util.SystemProperties: Loading file:/build/src/core/dotCMS/build/resources/main/system.properties
[18/05/21 16:18:11:375 GMT]  INFO util.SystemProperties: Loading file:/build/src/core/dotCMS/build/resources/main/system-ext.properties
[18/05/21 16:18:11:562 GMT]  INFO util.Config: Initializing properties reader.
[18/05/21 16:18:11:563 GMT]  INFO util.Config: Loading dotCMS [dotmarketing-config.properties] Properties...
[18/05/21 16:18:11:630 GMT]  INFO util.Config: dotCMS Properties [dotmarketing-config.properties] Loaded
[18/05/21 16:18:11:657 GMT]  INFO util.Config: Loading dotCMS [dotcms-config-cluster.properties] Properties...
[18/05/21 16:18:11:660 GMT]  INFO util.Config: dotCMS Properties [dotcms-config-cluster.properties] Loaded
[18/05/21 16:18:11:665 GMT]  INFO util.Config: Assigned default refresh: 5 minutes.
[18/05/21 16:18:11:676 GMT]  INFO business.CacheLocator: loading cache administrator: com.dotmarketing.business.ChainableCacheAdministratorImpl
[18/05/21 16:18:11:819 GMT]  INFO business.CacheLocator: loading cache administrator: com.dotmarketing.business.ChainableCacheAdministratorImpl
[18/05/21 16:18:12:005 GMT]  WARN hikari.HikariConfig: jdbc/dotCMSPool - idleTimeout is close to or more than maxLifetime, disabling it.
[18/05/21 16:18:12:018 GMT]  INFO hikari.HikariDataSource: jdbc/dotCMSPool - Starting...
[18/05/21 16:18:12:339 GMT]  WARN util.DriverDataSource: Registered driver with driverClassName=com.mysql.jdbc.Driver was not found, trying direct instantiation.
[18/05/21 16:18:13:655 GMT] ERROR pool.HikariPool: jdbc/dotCMSPool - Exception during pool initialization.
com.mysql.cj.jdbc.exceptions.CommunicationsException: Communications link failure

The last packet sent successfully to the server was 0 milliseconds ago. The driver has not received any packets from the server.
	at com.mysql.cj.jdbc.exceptions.SQLError.createCommunicationsException(SQLError.java:174) ~[mysql-connector-java-8.0.18.jar:8.0.18]
	at com.mysql.cj.jdbc.exceptions.SQLExceptionsMapping.translateException(SQLExceptionsMapping.java:64) ~[mysql-connector-java-8.0.18.jar:8.0.18]
	at com.mysql.cj.jdbc.ConnectionImpl.createNewIO(ConnectionImpl.java:836) ~[mysql-connector-java-8.0.18.jar:8.0.18]
	at com.mysql.cj.jdbc.ConnectionImpl.<init>(ConnectionImpl.java:456) ~[mysql-connector-java-8.0.18.jar:8.0.18]
	at com.mysql.cj.jdbc.ConnectionImpl.getInstance(ConnectionImpl.java:246) ~[mysql-connector-java-8.0.18.jar:8.0.18]
	at com.mysql.cj.jdbc.NonRegisteringDriver.connect(NonRegisteringDriver.java:199) ~[mysql-connector-java-8.0.18.jar:8.0.18]
	at com.zaxxer.hikari.util.DriverDataSource.getConnection(DriverDataSource.java:138) ~[HikariCP-3.4.2.jar:?]
	at com.zaxxer.hikari.pool.PoolBase.newConnection(PoolBase.java:354) ~[HikariCP-3.4.2.jar:?]
	at com.zaxxer.hikari.pool.PoolBase.newPoolEntry(PoolBase.java:202) ~[HikariCP-3.4.2.jar:?]
	at com.zaxxer.hikari.pool.HikariPool.createPoolEntry(HikariPool.java:473) ~[HikariCP-3.4.2.jar:?]
	at com.zaxxer.hikari.pool.HikariPool.checkFailFast(HikariPool.java:554) ~[HikariCP-3.4.2.jar:?]
	at com.zaxxer.hikari.pool.HikariPool.<init>(HikariPool.java:115) ~[HikariCP-3.4.2.jar:?]
	at com.zaxxer.hikari.HikariDataSource.<init>(HikariDataSource.java:81) ~[HikariCP-3.4.2.jar:?]
	at com.dotcms.util.TestDataSourceProvider.apply(TestDataSourceProvider.java:22) ~[integrationTest/:?]
	at com.dotmarketing.db.DataSourceStrategyProvider.get(DataSourceStrategyProvider.java:86) ~[main/:?]
	at com.dotmarketing.db.DbConnectionFactory.getDataSource(DbConnectionFactory.java:117) ~[main/:?]
	at com.dotmarketing.db.DbConnectionFactory.getConnection(DbConnectionFactory.java:205) ~[main/:?]
	at com.dotmarketing.common.db.DotConnect.executeQuery(DotConnect.java:531) ~[main/:?]
	at com.dotmarketing.common.db.DotConnect.loadResult(DotConnect.java:271) ~[main/:?]
	at com.dotmarketing.common.db.DotConnect.loadObjectResults(DotConnect.java:925) ~[main/:?]
	at com.dotcms.enterprise.license.a.c(SourceFile:160) ~[ee-master-SNAPSHOT.jar:?]
	at com.dotcms.enterprise.license.a.a(SourceFile:167) ~[ee-master-SNAPSHOT.jar:?]
	at com.dotcms.enterprise.license.LicenseManager.c(SourceFile:127) ~[ee-master-SNAPSHOT.jar:?]
	at com.dotcms.enterprise.license.LicenseManager.b(SourceFile:59) ~[ee-master-SNAPSHOT.jar:?]
	at com.dotcms.enterprise.license.LicenseManager.<init>(SourceFile:52) ~[ee-master-SNAPSHOT.jar:?]
	at com.dotcms.enterprise.license.LicenseManager.<clinit>(SourceFile:211) ~[ee-master-SNAPSHOT.jar:?]
	at com.dotcms.enterprise.LicenseUtil.getLevel(SourceFile:161) ~[ee-master-SNAPSHOT.jar:?]
	at com.dotcms.enterprise.cache.provider.CacheProviderAPIImpl.a(SourceFile:175) ~[ee-master-SNAPSHOT.jar:?]
	at com.dotcms.enterprise.cache.provider.CacheProviderAPIImpl.b(SourceFile:191) ~[ee-master-SNAPSHOT.jar:?]
	at com.dotcms.enterprise.cache.provider.CacheProviderAPIImpl.init(SourceFile:323) ~[ee-master-SNAPSHOT.jar:?]
	at com.dotmarketing.business.ChainableCacheAdministratorImpl.initProviders(ChainableCacheAdministratorImpl.java:84) ~[main/:?]
	at com.dotmarketing.business.CommitListenerCacheWrapper.initProviders(CommitListenerCacheWrapper.java:29) ~[main/:?]
	at com.dotmarketing.business.CacheLocator.init(CacheLocator.java:126) ~[main/:?]
	at com.dotmarketing.business.CacheLocator.getInstance(CacheLocator.java:337) ~[main/:?]
	at com.dotmarketing.business.CacheLocator.getCmsRoleCache(CacheLocator.java:143) ~[main/:?]
	at com.dotmarketing.business.RoleFactoryImpl.<init>(RoleFactoryImpl.java:34) ~[main/:?]
	at com.dotmarketing.business.FactoryIndex.create(FactoryLocator.java:327) ~[main/:?]
	at com.dotmarketing.business.FactoryLocator.createService(FactoryLocator.java:256) ~[main/:?]
	at com.dotmarketing.business.FactoryLocator.createService(FactoryLocator.java:1) ~[main/:?]
	at com.dotmarketing.business.Locator.getServiceInstance(Locator.java:41) ~[main/:?]
	at com.dotmarketing.business.FactoryLocator.getInstance(FactoryLocator.java:246) ~[main/:?]
	at com.dotmarketing.business.FactoryLocator.getRoleFactory(FactoryLocator.java:143) ~[main/:?]
	at com.dotmarketing.business.RoleAPIImpl.<init>(RoleAPIImpl.java:44) ~[main/:?]
	at com.dotmarketing.business.APIIndex.create(APILocator.java:1192) ~[main/:?]
	at com.dotmarketing.business.APILocator.createService(APILocator.java:1078) ~[main/:?]
	at com.dotmarketing.business.APILocator.createService(APILocator.java:1) ~[main/:?]
	at com.dotmarketing.business.Locator.getServiceInstance(Locator.java:41) ~[main/:?]
	at com.dotmarketing.business.APILocator.getInstance(APILocator.java:1051) ~[main/:?]
	at com.dotmarketing.business.APILocator.getRoleAPI(APILocator.java:268) ~[main/:?]
	at com.dotcms.content.elasticsearch.business.ElasticReadOnlyCommandImpl.<init>(ElasticReadOnlyCommandImpl.java:52) ~[main/:?]
	at com.dotcms.content.elasticsearch.business.ElasticReadOnlyCommandImpl.<init>(ElasticReadOnlyCommandImpl.java:49) ~[main/:?]
	at com.dotcms.content.elasticsearch.business.ElasticReadOnlyCommandImpl$Singleton.<clinit>(ElasticReadOnlyCommandImpl.java:58) ~[main/:?]
	at com.dotcms.content.elasticsearch.business.ElasticReadOnlyCommandImpl.getInstance(ElasticReadOnlyCommandImpl.java:70) ~[main/:?]
	at com.dotcms.content.elasticsearch.business.ElasticReadOnlyCommand.getInstance(ElasticReadOnlyCommand.java:16) ~[main/:?]
	at com.dotmarketing.common.reindex.ReindexQueueAPIImpl.<init>(ReindexQueueAPIImpl.java:40) ~[main/:?]
	at com.dotmarketing.business.APIIndex.create(APILocator.java:1208) ~[main/:?]
	at com.dotmarketing.business.APILocator.createService(APILocator.java:1078) ~[main/:?]
	at com.dotmarketing.business.APILocator.createService(APILocator.java:1) ~[main/:?]
	at com.dotmarketing.business.Locator.getServiceInstance(Locator.java:41) ~[main/:?]
	at com.dotmarketing.business.APILocator.getInstance(APILocator.java:1051) ~[main/:?]
	at com.dotmarketing.business.APILocator.getReindexQueueAPI(APILocator.java:466) ~[main/:?]
	at com.dotmarketing.business.ChainableCacheAdministratorImpl.<init>(ChainableCacheAdministratorImpl.java:76) ~[main/:?]
	at com.dotmarketing.business.ChainableCacheAdministratorImpl.<init>(ChainableCacheAdministratorImpl.java:64) ~[main/:?]
	at jdk.internal.reflect.NativeConstructorAccessorImpl.newInstance0(Native Method) ~[?:?]
	at jdk.internal.reflect.NativeConstructorAccessorImpl.newInstance(NativeConstructorAccessorImpl.java:62) ~[?:?]
	at jdk.internal.reflect.DelegatingConstructorAccessorImpl.newInstance(DelegatingConstructorAccessorImpl.java:45) ~[?:?]
	at java.lang.reflect.Constructor.newInstance(Constructor.java:490) ~[?:?]
	at java.lang.Class.newInstance(Class.java:584) ~[?:?]
	at com.dotmarketing.business.CacheLocator.init(CacheLocator.java:106) ~[main/:?]
	at com.dotcms.util.IntegrationTestInitService.init(IntegrationTestInitService.java:42) ~[integrationTest/:?]
	at com.dotcms.graphql.business.GraphqlAPITest.dataProviderEEBaseTypes(GraphqlAPITest.java:686) ~[integrationTest/:?]
	at jdk.internal.reflect.NativeMethodAccessorImpl.invoke0(Native Method) ~[?:?]
	at jdk.internal.reflect.NativeMethodAccessorImpl.invoke(NativeMethodAccessorImpl.java:62) ~[?:?]
	at jdk.internal.reflect.DelegatingMethodAccessorImpl.invoke(DelegatingMethodAccessorImpl.java:43) ~[?:?]
	at java.lang.reflect.Method.invoke(Method.java:566) ~[?:?]
	at org.junit.runners.model.FrameworkMethod$1.runReflectiveCall(FrameworkMethod.java:50) ~[junit-4.12.jar:4.12]
	at org.junit.internal.runners.model.ReflectiveCallable.run(ReflectiveCallable.java:12) ~[junit-4.12.jar:4.12]
	at org.junit.runners.model.FrameworkMethod.invokeExplosively(FrameworkMethod.java:47) ~[junit-4.12.jar:4.12]
	at com.tngtech.java.junit.dataprovider.internal.TestGenerator.explodeTestMethod(TestGenerator.java:100) ~[junit4-dataprovider-2.6.jar:2.6]
	at com.tngtech.java.junit.dataprovider.internal.TestGenerator.generateExplodedTestMethodsFor(TestGenerator.java:58) ~[junit4-dataprovider-2.6.jar:2.6]
	at com.tngtech.java.junit.dataprovider.DataProviderRunner.generateExplodedTestMethodsFor(DataProviderRunner.java:227) ~[junit4-dataprovider-2.6.jar:2.6]
	at com.tngtech.java.junit.dataprovider.DataProviderRunner.computeTestMethods(DataProviderRunner.java:181) ~[junit4-dataprovider-2.6.jar:2.6]
	at com.tngtech.java.junit.dataprovider.DataProviderRunner.validateInstanceMethods(DataProviderRunner.java:113) ~[junit4-dataprovider-2.6.jar:2.6]
	at org.junit.runners.BlockJUnit4ClassRunner.collectInitializationErrors(BlockJUnit4ClassRunner.java:128) ~[junit-4.12.jar:4.12]
	at com.tngtech.java.junit.dataprovider.DataProviderRunner.collectInitializationErrors(DataProviderRunner.java:88) ~[junit4-dataprovider-2.6.jar:2.6]
	at org.junit.runners.ParentRunner.validate(ParentRunner.java:416) ~[junit-4.12.jar:4.12]
	at org.junit.runners.ParentRunner.<init>(ParentRunner.java:84) ~[junit-4.12.jar:4.12]
	at org.junit.runners.BlockJUnit4ClassRunner.<init>(BlockJUnit4ClassRunner.java:65) ~[junit-4.12.jar:4.12]
	at com.tngtech.java.junit.dataprovider.DataProviderRunner.<init>(DataProviderRunner.java:79) ~[junit4-dataprovider-2.6.jar:2.6]
	at com.dotcms.junit.CustomDataProviderRunner.<init>(CustomDataProviderRunner.java:16) ~[integrationTest/:?]
	at com.dotcms.junit.MainBaseSuite.getRunners(MainBaseSuite.java:37) ~[integrationTest/:?]
	at com.dotcms.junit.MainBaseSuite.<init>(MainBaseSuite.java:17) ~[integrationTest/:?]
	at jdk.internal.reflect.NativeConstructorAccessorImpl.newInstance0(Native Method) ~[?:?]
	at jdk.internal.reflect.NativeConstructorAccessorImpl.newInstance(NativeConstructorAccessorImpl.java:62) ~[?:?]
	at jdk.internal.reflect.DelegatingConstructorAccessorImpl.newInstance(DelegatingConstructorAccessorImpl.java:45) ~[?:?]
	at java.lang.reflect.Constructor.newInstance(Constructor.java:490) ~[?:?]
	at org.junit.internal.builders.AnnotatedBuilder.buildRunner(AnnotatedBuilder.java:107) ~[junit-4.12.jar:4.12]
	at org.junit.internal.builders.AnnotatedBuilder.runnerForClass(AnnotatedBuilder.java:86) ~[junit-4.12.jar:4.12]
	at org.junit.runners.model.RunnerBuilder.safeRunnerForClass(RunnerBuilder.java:59) ~[junit-4.12.jar:4.12]
	at org.junit.internal.builders.AllDefaultPossibilitiesBuilder.runnerForClass(AllDefaultPossibilitiesBuilder.java:26) ~[junit-4.12.jar:4.12]
	at org.junit.runners.model.RunnerBuilder.safeRunnerForClass(RunnerBuilder.java:59) ~[junit-4.12.jar:4.12]
	at org.junit.internal.requests.ClassRequest.getRunner(ClassRequest.java:33) ~[junit-4.12.jar:4.12]
	at org.gradle.api.internal.tasks.testing.junit.JUnitTestClassExecutor.runTestClass(JUnitTestClassExecutor.java:78) ~[?:?]
	at org.gradle.api.internal.tasks.testing.junit.JUnitTestClassExecutor.execute(JUnitTestClassExecutor.java:58) ~[?:?]
	at org.gradle.api.internal.tasks.testing.junit.JUnitTestClassExecutor.execute(JUnitTestClassExecutor.java:38) ~[?:?]
	at org.gradle.api.internal.tasks.testing.junit.AbstractJUnitTestClassProcessor.processTestClass(AbstractJUnitTestClassProcessor.java:66) ~[?:?]
	at org.gradle.api.internal.tasks.testing.SuiteTestClassProcessor.processTestClass(SuiteTestClassProcessor.java:51) ~[?:?]
	at jdk.internal.reflect.NativeMethodAccessorImpl.invoke0(Native Method) ~[?:?]
	at jdk.internal.reflect.NativeMethodAccessorImpl.invoke(NativeMethodAccessorImpl.java:62) ~[?:?]
	at jdk.internal.reflect.DelegatingMethodAccessorImpl.invoke(DelegatingMethodAccessorImpl.java:43) ~[?:?]
	at java.lang.reflect.Method.invoke(Method.java:566) ~[?:?]
	at org.gradle.internal.dispatch.ReflectionDispatch.dispatch(ReflectionDispatch.java:35) ~[?:?]
	at org.gradle.internal.dispatch.ReflectionDispatch.dispatch(ReflectionDispatch.java:24) ~[?:?]
	at org.gradle.internal.dispatch.ContextClassLoaderDispatch.dispatch(ContextClassLoaderDispatch.java:32) ~[?:?]
	at org.gradle.internal.dispatch.ProxyDispatchAdapter$DispatchingInvocationHandler.invoke(ProxyDispatchAdapter.java:93) ~[?:?]
	at com.sun.proxy.$Proxy2.processTestClass(Unknown Source) ~[?:?]
	at org.gradle.api.internal.tasks.testing.worker.TestWorker.processTestClass(TestWorker.java:117) ~[?:?]
	at jdk.internal.reflect.NativeMethodAccessorImpl.invoke0(Native Method) ~[?:?]
	at jdk.internal.reflect.NativeMethodAccessorImpl.invoke(NativeMethodAccessorImpl.java:62) ~[?:?]
	at jdk.internal.reflect.DelegatingMethodAccessorImpl.invoke(DelegatingMethodAccessorImpl.java:43) ~[?:?]
	at java.lang.reflect.Method.invoke(Method.java:566) ~[?:?]
	at org.gradle.internal.dispatch.ReflectionDispatch.dispatch(ReflectionDispatch.java:35) ~[?:?]
	at org.gradle.internal.dispatch.ReflectionDispatch.dispatch(ReflectionDispatch.java:24) ~[?:?]
	at org.gradle.internal.remote.internal.hub.MessageHubBackedObjectConnection$DispatchWrapper.dispatch(MessageHubBackedObjectConnection.java:155) ~[?:?]
	at org.gradle.internal.remote.internal.hub.MessageHubBackedObjectConnection$DispatchWrapper.dispatch(MessageHubBackedObjectConnection.java:137) ~[?:?]
	at org.gradle.internal.remote.internal.hub.MessageHub$Handler.run(MessageHub.java:404) ~[?:?]
	at org.gradle.internal.concurrent.ExecutorPolicy$CatchAndRecordFailures.onExecute(ExecutorPolicy.java:63) ~[?:?]
	at org.gradle.internal.concurrent.ManagedExecutorImpl$1.run(ManagedExecutorImpl.java:46) ~[?:?]
	at java.util.concurrent.ThreadPoolExecutor.runWorker(ThreadPoolExecutor.java:1128) [?:?]
	at java.util.concurrent.ThreadPoolExecutor$Worker.run(ThreadPoolExecutor.java:628) [?:?]
	at org.gradle.internal.concurrent.ThreadFactoryImpl$ManagedThreadRunnable.run(ThreadFactoryImpl.java:55) ~[?:?]
	at java.lang.Thread.run(Thread.java:829) [?:?]
Caused by: com.mysql.cj.exceptions.CJCommunicationsException: Communications link failure

The last packet sent successfully to the server was 0 milliseconds ago. The driver has not received any packets from the server.
	at jdk.internal.reflect.NativeConstructorAccessorImpl.newInstance0(Native Method) ~[?:?]
	at jdk.internal.reflect.NativeConstructorAccessorImpl.newInstance(NativeConstructorAccessorImpl.java:62) ~[?:?]
	at jdk.internal.reflect.DelegatingConstructorAccessorImpl.newInstance(DelegatingConstructorAccessorImpl.java:45) ~[?:?]
	at java.lang.reflect.Constructor.newInstance(Constructor.java:490) ~[?:?]
	at com.mysql.cj.exceptions.ExceptionFactory.createException(ExceptionFactory.java:61) ~[mysql-connector-java-8.0.18.jar:8.0.18]
	at com.mysql.cj.exceptions.ExceptionFactory.createException(ExceptionFactory.java:105) ~[mysql-connector-java-8.0.18.jar:8.0.18]
	at com.mysql.cj.exceptions.ExceptionFactory.createException(ExceptionFactory.java:151) ~[mysql-connector-java-8.0.18.jar:8.0.18]
	at com.mysql.cj.exceptions.ExceptionFactory.createCommunicationsException(ExceptionFactory.java:167) ~[mysql-connector-java-8.0.18.jar:8.0.18]
	at com.mysql.cj.protocol.a.NativeProtocol.negotiateSSLConnection(NativeProtocol.java:338) ~[mysql-connector-java-8.0.18.jar:8.0.18]
	at com.mysql.cj.protocol.a.NativeAuthenticationProvider.negotiateSSLConnection(NativeAuthenticationProvider.java:777) ~[mysql-connector-java-8.0.18.jar:8.0.18]
	at com.mysql.cj.protocol.a.NativeAuthenticationProvider.proceedHandshakeWithPluggableAuthentication(NativeAuthenticationProvider.java:486) ~[mysql-connector-java-8.0.18.jar:8.0.18]
	at com.mysql.cj.protocol.a.NativeAuthenticationProvider.connect(NativeAuthenticationProvider.java:202) ~[mysql-connector-java-8.0.18.jar:8.0.18]
	at com.mysql.cj.protocol.a.NativeProtocol.connect(NativeProtocol.java:1340) ~[mysql-connector-java-8.0.18.jar:8.0.18]
	at com.mysql.cj.NativeSession.connect(NativeSession.java:157) ~[mysql-connector-java-8.0.18.jar:8.0.18]
	at com.mysql.cj.jdbc.ConnectionImpl.connectOneTryOnly(ConnectionImpl.java:956) ~[mysql-connector-java-8.0.18.jar:8.0.18]
	at com.mysql.cj.jdbc.ConnectionImpl.createNewIO(ConnectionImpl.java:826) ~[mysql-connector-java-8.0.18.jar:8.0.18]
	... 129 more
Caused by: javax.net.ssl.SSLHandshakeException: No appropriate protocol (protocol is disabled or cipher suites are inappropriate)
	at sun.security.ssl.HandshakeContext.<init>(HandshakeContext.java:170) ~[?:?]
	at sun.security.ssl.ClientHandshakeContext.<init>(ClientHandshakeContext.java:98) ~[?:?]
	at sun.security.ssl.TransportContext.kickstart(TransportContext.java:221) ~[?:?]
	at sun.security.ssl.SSLSocketImpl.startHandshake(SSLSocketImpl.java:433) ~[?:?]
	at sun.security.ssl.SSLSocketImpl.startHandshake(SSLSocketImpl.java:411) ~[?:?]
	at com.mysql.cj.protocol.ExportControlled.performTlsHandshake(ExportControlled.java:316) ~[mysql-connector-java-8.0.18.jar:8.0.18]
	at com.mysql.cj.protocol.StandardSocketFactory.performTlsHandshake(StandardSocketFactory.java:188) ~[mysql-connector-java-8.0.18.jar:8.0.18]
	at com.mysql.cj.protocol.a.NativeSocketConnection.performTlsHandshake(NativeSocketConnection.java:99) ~[mysql-connector-java-8.0.18.jar:8.0.18]
	at com.mysql.cj.protocol.a.NativeProtocol.negotiateSSLConnection(NativeProtocol.java:329) ~[mysql-connector-java-8.0.18.jar:8.0.18]
	at com.mysql.cj.protocol.a.NativeAuthenticationProvider.negotiateSSLConnection(NativeAuthenticationProvider.java:777) ~[mysql-connector-java-8.0.18.jar:8.0.18]
	at com.mysql.cj.protocol.a.NativeAuthenticationProvider.proceedHandshakeWithPluggableAuthentication(NativeAuthenticationProvider.java:486) ~[mysql-connector-java-8.0.18.jar:8.0.18]
	at com.mysql.cj.protocol.a.NativeAuthenticationProvider.connect(NativeAuthenticationProvider.java:202) ~[mysql-connector-java-8.0.18.jar:8.0.18]
	at com.mysql.cj.protocol.a.NativeProtocol.connect(NativeProtocol.java:1340) ~[mysql-connector-java-8.0.18.jar:8.0.18]
	at com.mysql.cj.NativeSession.connect(NativeSession.java:157) ~[mysql-connector-java-8.0.18.jar:8.0.18]
	at com.mysql.cj.jdbc.ConnectionImpl.connectOneTryOnly(ConnectionImpl.java:956) ~[mysql-connector-java-8.0.18.jar:8.0.18]
	at com.mysql.cj.jdbc.ConnectionImpl.createNewIO(ConnectionImpl.java:826) ~[mysql-connector-java-8.0.18.jar:8.0.18]
	... 129 more
[18/05/21 16:18:13:656 GMT]  WARN db.DataSourceStrategyProvider: Error initializing datasource. Reason: Failed to initialize pool: Communications link failure

The last packet sent successfully to the server was 0 milliseconds ago. The driver has not received any packets from the server.Trying to load datasource from context.xml ...
[18/05/21 16:18:13:656 GMT]  WARN db.DataSourceStrategyProvider: Failed to initialize pool: Communications link failure

The last packet sent successfully to the server was 0 milliseconds ago. The driver has not received any packets from the server.
[18/05/21 16:18:13:657 GMT]  WARN db.DataSourceStrategyProvider: com.zaxxer.hikari.pool.HikariPool.throwPoolInitializationException(HikariPool.java:589)
[18/05/21 16:18:13:695 GMT] ERROR db.TomcatDataSourceStrategy: ---------- Error getting dbconnection jdbc/dotCMSPool from context.xml
javax.naming.NoInitialContextException: Need to specify class name in environment or system property, or in an application resource file: java.naming.factory.initial
	at javax.naming.spi.NamingManager.getInitialContext(NamingManager.java:702) ~[?:?]
	at javax.naming.InitialContext.getDefaultInitCtx(InitialContext.java:305) ~[?:?]
	at javax.naming.InitialContext.getURLOrDefaultInitCtx(InitialContext.java:342) ~[?:?]
	at javax.naming.InitialContext.lookup(InitialContext.java:409) ~[?:?]
	at com.liferay.util.JNDIUtil.lookup(JNDIUtil.java:88) ~[main/:?]
	at com.dotmarketing.db.TomcatDataSourceStrategy.apply(TomcatDataSourceStrategy.java:36) ~[main/:?]
	at com.dotmarketing.db.DataSourceStrategyProvider.get(DataSourceStrategyProvider.java:99) ~[main/:?]
	at com.dotmarketing.db.DbConnectionFactory.getDataSource(DbConnectionFactory.java:117) ~[main/:?]
	at com.dotmarketing.db.DbConnectionFactory.getConnection(DbConnectionFactory.java:205) ~[main/:?]
	at com.dotmarketing.common.db.DotConnect.executeQuery(DotConnect.java:531) ~[main/:?]
	at com.dotmarketing.common.db.DotConnect.loadResult(DotConnect.java:271) ~[main/:?]
	at com.dotmarketing.common.db.DotConnect.loadObjectResults(DotConnect.java:925) ~[main/:?]
	at com.dotcms.enterprise.license.a.c(SourceFile:160) ~[ee-master-SNAPSHOT.jar:?]
	at com.dotcms.enterprise.license.a.a(SourceFile:167) ~[ee-master-SNAPSHOT.jar:?]
	at com.dotcms.enterprise.license.LicenseManager.c(SourceFile:127) ~[ee-master-SNAPSHOT.jar:?]
	at com.dotcms.enterprise.license.LicenseManager.b(SourceFile:59) ~[ee-master-SNAPSHOT.jar:?]
	at com.dotcms.enterprise.license.LicenseManager.<init>(SourceFile:52) ~[ee-master-SNAPSHOT.jar:?]
	at com.dotcms.enterprise.license.LicenseManager.<clinit>(SourceFile:211) ~[ee-master-SNAPSHOT.jar:?]
	at com.dotcms.enterprise.LicenseUtil.getLevel(SourceFile:161) ~[ee-master-SNAPSHOT.jar:?]
	at com.dotcms.enterprise.cache.provider.CacheProviderAPIImpl.a(SourceFile:175) ~[ee-master-SNAPSHOT.jar:?]
	at com.dotcms.enterprise.cache.provider.CacheProviderAPIImpl.b(SourceFile:191) ~[ee-master-SNAPSHOT.jar:?]
	at com.dotcms.enterprise.cache.provider.CacheProviderAPIImpl.init(SourceFile:323) ~[ee-master-SNAPSHOT.jar:?]
	at com.dotmarketing.business.ChainableCacheAdministratorImpl.initProviders(ChainableCacheAdministratorImpl.java:84) ~[main/:?]
	at com.dotmarketing.business.CommitListenerCacheWrapper.initProviders(CommitListenerCacheWrapper.java:29) ~[main/:?]
	at com.dotmarketing.business.CacheLocator.init(CacheLocator.java:126) ~[main/:?]
	at com.dotmarketing.business.CacheLocator.getInstance(CacheLocator.java:337) ~[main/:?]
	at com.dotmarketing.business.CacheLocator.getCmsRoleCache(CacheLocator.java:143) ~[main/:?]
	at com.dotmarketing.business.RoleFactoryImpl.<init>(RoleFactoryImpl.java:34) ~[main/:?]
	at com.dotmarketing.business.FactoryIndex.create(FactoryLocator.java:327) ~[main/:?]
	at com.dotmarketing.business.FactoryLocator.createService(FactoryLocator.java:256) ~[main/:?]
	at com.dotmarketing.business.FactoryLocator.createService(FactoryLocator.java:1) ~[main/:?]
	at com.dotmarketing.business.Locator.getServiceInstance(Locator.java:41) ~[main/:?]
	at com.dotmarketing.business.FactoryLocator.getInstance(FactoryLocator.java:246) ~[main/:?]
	at com.dotmarketing.business.FactoryLocator.getRoleFactory(FactoryLocator.java:143) ~[main/:?]
	at com.dotmarketing.business.RoleAPIImpl.<init>(RoleAPIImpl.java:44) ~[main/:?]
	at com.dotmarketing.business.APIIndex.create(APILocator.java:1192) ~[main/:?]
	at com.dotmarketing.business.APILocator.createService(APILocator.java:1078) ~[main/:?]
	at com.dotmarketing.business.APILocator.createService(APILocator.java:1) ~[main/:?]
	at com.dotmarketing.business.Locator.getServiceInstance(Locator.java:41) ~[main/:?]
	at com.dotmarketing.business.APILocator.getInstance(APILocator.java:1051) ~[main/:?]
	at com.dotmarketing.business.APILocator.getRoleAPI(APILocator.java:268) ~[main/:?]
	at com.dotcms.content.elasticsearch.business.ElasticReadOnlyCommandImpl.<init>(ElasticReadOnlyCommandImpl.java:52) ~[main/:?]
	at com.dotcms.content.elasticsearch.business.ElasticReadOnlyCommandImpl.<init>(ElasticReadOnlyCommandImpl.java:49) ~[main/:?]
	at com.dotcms.content.elasticsearch.business.ElasticReadOnlyCommandImpl$Singleton.<clinit>(ElasticReadOnlyCommandImpl.java:58) ~[main/:?]
	at com.dotcms.content.elasticsearch.business.ElasticReadOnlyCommandImpl.getInstance(ElasticReadOnlyCommandImpl.java:70) ~[main/:?]
	at com.dotcms.content.elasticsearch.business.ElasticReadOnlyCommand.getInstance(ElasticReadOnlyCommand.java:16) ~[main/:?]
	at com.dotmarketing.common.reindex.ReindexQueueAPIImpl.<init>(ReindexQueueAPIImpl.java:40) ~[main/:?]
	at com.dotmarketing.business.APIIndex.create(APILocator.java:1208) ~[main/:?]
	at com.dotmarketing.business.APILocator.createService(APILocator.java:1078) ~[main/:?]
	at com.dotmarketing.business.APILocator.createService(APILocator.java:1) ~[main/:?]
	at com.dotmarketing.business.Locator.getServiceInstance(Locator.java:41) ~[main/:?]
	at com.dotmarketing.business.APILocator.getInstance(APILocator.java:1051) ~[main/:?]
	at com.dotmarketing.business.APILocator.getReindexQueueAPI(APILocator.java:466) ~[main/:?]
	at com.dotmarketing.business.ChainableCacheAdministratorImpl.<init>(ChainableCacheAdministratorImpl.java:76) ~[main/:?]
	at com.dotmarketing.business.ChainableCacheAdministratorImpl.<init>(ChainableCacheAdministratorImpl.java:64) ~[main/:?]
	at jdk.internal.reflect.NativeConstructorAccessorImpl.newInstance0(Native Method) ~[?:?]
	at jdk.internal.reflect.NativeConstructorAccessorImpl.newInstance(NativeConstructorAccessorImpl.java:62) ~[?:?]
	at jdk.internal.reflect.DelegatingConstructorAccessorImpl.newInstance(DelegatingConstructorAccessorImpl.java:45) ~[?:?]
	at java.lang.reflect.Constructor.newInstance(Constructor.java:490) ~[?:?]
	at java.lang.Class.newInstance(Class.java:584) ~[?:?]
	at com.dotmarketing.business.CacheLocator.init(CacheLocator.java:106) ~[main/:?]
	at com.dotcms.util.IntegrationTestInitService.init(IntegrationTestInitService.java:42) ~[integrationTest/:?]
	at com.dotcms.graphql.business.GraphqlAPITest.dataProviderEEBaseTypes(GraphqlAPITest.java:686) ~[integrationTest/:?]
	at jdk.internal.reflect.NativeMethodAccessorImpl.invoke0(Native Method) ~[?:?]
	at jdk.internal.reflect.NativeMethodAccessorImpl.invoke(NativeMethodAccessorImpl.java:62) ~[?:?]
	at jdk.internal.reflect.DelegatingMethodAccessorImpl.invoke(DelegatingMethodAccessorImpl.java:43) ~[?:?]
	at java.lang.reflect.Method.invoke(Method.java:566) ~[?:?]
	at org.junit.runners.model.FrameworkMethod$1.runReflectiveCall(FrameworkMethod.java:50) ~[junit-4.12.jar:4.12]
	at org.junit.internal.runners.model.ReflectiveCallable.run(ReflectiveCallable.java:12) ~[junit-4.12.jar:4.12]
	at org.junit.runners.model.FrameworkMethod.invokeExplosively(FrameworkMethod.java:47) ~[junit-4.12.jar:4.12]
	at com.tngtech.java.junit.dataprovider.internal.TestGenerator.explodeTestMethod(TestGenerator.java:100) ~[junit4-dataprovider-2.6.jar:2.6]
	at com.tngtech.java.junit.dataprovider.internal.TestGenerator.generateExplodedTestMethodsFor(TestGenerator.java:58) ~[junit4-dataprovider-2.6.jar:2.6]
	at com.tngtech.java.junit.dataprovider.DataProviderRunner.generateExplodedTestMethodsFor(DataProviderRunner.java:227) ~[junit4-dataprovider-2.6.jar:2.6]
	at com.tngtech.java.junit.dataprovider.DataProviderRunner.computeTestMethods(DataProviderRunner.java:181) ~[junit4-dataprovider-2.6.jar:2.6]
	at com.tngtech.java.junit.dataprovider.DataProviderRunner.validateInstanceMethods(DataProviderRunner.java:113) ~[junit4-dataprovider-2.6.jar:2.6]
	at org.junit.runners.BlockJUnit4ClassRunner.collectInitializationErrors(BlockJUnit4ClassRunner.java:128) ~[junit-4.12.jar:4.12]
	at com.tngtech.java.junit.dataprovider.DataProviderRunner.collectInitializationErrors(DataProviderRunner.java:88) ~[junit4-dataprovider-2.6.jar:2.6]
	at org.junit.runners.ParentRunner.validate(ParentRunner.java:416) ~[junit-4.12.jar:4.12]
	at org.junit.runners.ParentRunner.<init>(ParentRunner.java:84) ~[junit-4.12.jar:4.12]
	at org.junit.runners.BlockJUnit4ClassRunner.<init>(BlockJUnit4ClassRunner.java:65) ~[junit-4.12.jar:4.12]
	at com.tngtech.java.junit.dataprovider.DataProviderRunner.<init>(DataProviderRunner.java:79) ~[junit4-dataprovider-2.6.jar:2.6]
	at com.dotcms.junit.CustomDataProviderRunner.<init>(CustomDataProviderRunner.java:16) ~[integrationTest/:?]
	at com.dotcms.junit.MainBaseSuite.getRunners(MainBaseSuite.java:37) ~[integrationTest/:?]
	at com.dotcms.junit.MainBaseSuite.<init>(MainBaseSuite.java:17) ~[integrationTest/:?]
	at jdk.internal.reflect.NativeConstructorAccessorImpl.newInstance0(Native Method) ~[?:?]
	at jdk.internal.reflect.NativeConstructorAccessorImpl.newInstance(NativeConstructorAccessorImpl.java:62) ~[?:?]
	at jdk.internal.reflect.DelegatingConstructorAccessorImpl.newInstance(DelegatingConstructorAccessorImpl.java:45) ~[?:?]
	at java.lang.reflect.Constructor.newInstance(Constructor.java:490) ~[?:?]
	at org.junit.internal.builders.AnnotatedBuilder.buildRunner(AnnotatedBuilder.java:107) ~[junit-4.12.jar:4.12]
	at org.junit.internal.builders.AnnotatedBuilder.runnerForClass(AnnotatedBuilder.java:86) ~[junit-4.12.jar:4.12]
	at org.junit.runners.model.RunnerBuilder.safeRunnerForClass(RunnerBuilder.java:59) ~[junit-4.12.jar:4.12]
	at org.junit.internal.builders.AllDefaultPossibilitiesBuilder.runnerForClass(AllDefaultPossibilitiesBuilder.java:26) ~[junit-4.12.jar:4.12]
	at org.junit.runners.model.RunnerBuilder.safeRunnerForClass(RunnerBuilder.java:59) ~[junit-4.12.jar:4.12]
	at org.junit.internal.requests.ClassRequest.getRunner(ClassRequest.java:33) ~[junit-4.12.jar:4.12]
	at org.gradle.api.internal.tasks.testing.junit.JUnitTestClassExecutor.runTestClass(JUnitTestClassExecutor.java:78) ~[?:?]
	at org.gradle.api.internal.tasks.testing.junit.JUnitTestClassExecutor.execute(JUnitTestClassExecutor.java:58) ~[?:?]
	at org.gradle.api.internal.tasks.testing.junit.JUnitTestClassExecutor.execute(JUnitTestClassExecutor.java:38) ~[?:?]
	at org.gradle.api.internal.tasks.testing.junit.AbstractJUnitTestClassProcessor.processTestClass(AbstractJUnitTestClassProcessor.java:66) ~[?:?]
	at org.gradle.api.internal.tasks.testing.SuiteTestClassProcessor.processTestClass(SuiteTestClassProcessor.java:51) ~[?:?]
	at jdk.internal.reflect.NativeMethodAccessorImpl.invoke0(Native Method) ~[?:?]
	at jdk.internal.reflect.NativeMethodAccessorImpl.invoke(NativeMethodAccessorImpl.java:62) ~[?:?]
	at jdk.internal.reflect.DelegatingMethodAccessorImpl.invoke(DelegatingMethodAccessorImpl.java:43) ~[?:?]
	at java.lang.reflect.Method.invoke(Method.java:566) ~[?:?]
	at org.gradle.internal.dispatch.ReflectionDispatch.dispatch(ReflectionDispatch.java:35) ~[?:?]
	at org.gradle.internal.dispatch.ReflectionDispatch.dispatch(ReflectionDispatch.java:24) ~[?:?]
	at org.gradle.internal.dispatch.ContextClassLoaderDispatch.dispatch(ContextClassLoaderDispatch.java:32) ~[?:?]
	at org.gradle.internal.dispatch.ProxyDispatchAdapter$DispatchingInvocationHandler.invoke(ProxyDispatchAdapter.java:93) ~[?:?]
	at com.sun.proxy.$Proxy2.processTestClass(Unknown Source) ~[?:?]
	at org.gradle.api.internal.tasks.testing.worker.TestWorker.processTestClass(TestWorker.java:117) ~[?:?]
	at jdk.internal.reflect.NativeMethodAccessorImpl.invoke0(Native Method) ~[?:?]
	at jdk.internal.reflect.NativeMethodAccessorImpl.invoke(NativeMethodAccessorImpl.java:62) ~[?:?]
	at jdk.internal.reflect.DelegatingMethodAccessorImpl.invoke(DelegatingMethodAccessorImpl.java:43) ~[?:?]
	at java.lang.reflect.Method.invoke(Method.java:566) ~[?:?]
	at org.gradle.internal.dispatch.ReflectionDispatch.dispatch(ReflectionDispatch.java:35) ~[?:?]
	at org.gradle.internal.dispatch.ReflectionDispatch.dispatch(ReflectionDispatch.java:24) ~[?:?]
	at org.gradle.internal.remote.internal.hub.MessageHubBackedObjectConnection$DispatchWrapper.dispatch(MessageHubBackedObjectConnection.java:155) ~[?:?]
	at org.gradle.internal.remote.internal.hub.MessageHubBackedObjectConnection$DispatchWrapper.dispatch(MessageHubBackedObjectConnection.java:137) ~[?:?]
	at org.gradle.internal.remote.internal.hub.MessageHub$Handler.run(MessageHub.java:404) ~[?:?]
	at org.gradle.internal.concurrent.ExecutorPolicy$CatchAndRecordFailures.onExecute(ExecutorPolicy.java:63) ~[?:?]
	at org.gradle.internal.concurrent.ManagedExecutorImpl$1.run(ManagedExecutorImpl.java:46) ~[?:?]
	at java.util.concurrent.ThreadPoolExecutor.runWorker(ThreadPoolExecutor.java:1128) [?:?]
	at java.util.concurrent.ThreadPoolExecutor$Worker.run(ThreadPoolExecutor.java:628) [?:?]
	at org.gradle.internal.concurrent.ThreadFactoryImpl$ManagedThreadRunnable.run(ThreadFactoryImpl.java:55) ~[?:?]
	at java.lang.Thread.run(Thread.java:829) [?:?]
