[16/09/21 19:24:09:297 GMT]  WARN lettuce.MasterReplicaLettuceClient: Unable to connect to oboxturbo:6379
[16/09/21 19:24:09:298 GMT]  WARN lettuce.MasterReplicaLettuceClient: com.dotcms.cache.lettuce.MasterReplicaLettuceClient.lambda$15(MasterReplicaLettuceClient.java:930)
[16/09/21 19:24:09:302 GMT]  WARN lettuce.MasterReplicaLettuceClient: Unable to connect to oboxturbo:6379
[16/09/21 19:24:09:302 GMT]  WARN lettuce.MasterReplicaLettuceClient: Unable to connect to oboxturbo:6379
[16/09/21 19:24:09:302 GMT]  WARN lettuce.MasterReplicaLettuceClient: io.lettuce.core.RedisConnectionException.create(RedisConnectionException.java:78)
[16/09/21 19:24:09:302 GMT]  WARN lettuce.MasterReplicaLettuceClient: redis unable to connect: com.dotmarketing.business.DotStateException: Unable to connect to oboxturbo:6379
[16/09/21 19:24:09:302 GMT]  WARN lettuce.MasterReplicaLettuceClient: Unable to connect to oboxturbo:6379
[16/09/21 19:24:09:302 GMT]  WARN lettuce.MasterReplicaLettuceClient: com.dotcms.cache.lettuce.MasterReplicaLettuceClient.lambda$15(MasterReplicaLettuceClient.java:930)
[16/09/21 19:24:09:302 GMT]  WARN lettuce.RedisCache: unable to determine key prefix
[16/09/21 19:24:09:307 GMT]  WARN lettuce.MasterReplicaLettuceClient: Unable to connect to oboxturbo:6379
[16/09/21 19:24:09:307 GMT]  WARN lettuce.MasterReplicaLettuceClient: Unable to connect to oboxturbo:6379
[16/09/21 19:24:09:307 GMT]  WARN lettuce.MasterReplicaLettuceClient: io.lettuce.core.RedisConnectionException.create(RedisConnectionException.java:78)
[16/09/21 19:24:09:307 GMT]  WARN lettuce.MasterReplicaLettuceClient: redis unable to connect: com.dotmarketing.business.DotStateException: Unable to connect to oboxturbo:6379
[16/09/21 19:24:09:307 GMT]  WARN lettuce.MasterReplicaLettuceClient: Unable to connect to oboxturbo:6379
[16/09/21 19:24:09:307 GMT]  WARN lettuce.MasterReplicaLettuceClient: com.dotcms.cache.lettuce.MasterReplicaLettuceClient.lambda$15(MasterReplicaLettuceClient.java:930)
[16/09/21 19:24:09:312 GMT]  WARN lettuce.MasterReplicaLettuceClient: Unable to connect to oboxturbo:6379
[16/09/21 19:24:09:312 GMT]  WARN lettuce.MasterReplicaLettuceClient: Unable to connect to oboxturbo:6379
[16/09/21 19:24:09:312 GMT]  WARN lettuce.MasterReplicaLettuceClient: io.lettuce.core.RedisConnectionException.create(RedisConnectionException.java:78)
[16/09/21 19:24:09:312 GMT]  WARN lettuce.MasterReplicaLettuceClient: redis unable to connect: com.dotmarketing.business.DotStateException: Unable to connect to oboxturbo:6379
[16/09/21 19:24:09:312 GMT]  WARN lettuce.MasterReplicaLettuceClient: Unable to connect to oboxturbo:6379
[16/09/21 19:24:09:312 GMT]  WARN lettuce.MasterReplicaLettuceClient: com.dotcms.cache.lettuce.MasterReplicaLettuceClient.lambda$15(MasterReplicaLettuceClient.java:930)
[16/09/21 19:24:09:317 GMT]  WARN lettuce.MasterReplicaLettuceClient: Unable to connect to oboxturbo:6379
[16/09/21 19:24:09:317 GMT]  WARN lettuce.MasterReplicaLettuceClient: Unable to connect to oboxturbo:6379
[16/09/21 19:24:09:317 GMT]  WARN lettuce.MasterReplicaLettuceClient: io.lettuce.core.RedisConnectionException.create(RedisConnectionException.java:78)
[16/09/21 19:24:09:317 GMT]  WARN lettuce.MasterReplicaLettuceClient: redis unable to connect: com.dotmarketing.business.DotStateException: Unable to connect to oboxturbo:6379
[16/09/21 19:24:09:317 GMT]  WARN lettuce.MasterReplicaLettuceClient: Unable to connect to oboxturbo:6379
[16/09/21 19:24:09:317 GMT]  WARN lettuce.MasterReplicaLettuceClient: com.dotcms.cache.lettuce.MasterReplicaLettuceClient.lambda$15(MasterReplicaLettuceClient.java:930)
[16/09/21 19:24:09:317 GMT]  WARN lettuce.RedisCache: unable to determine key prefix
[16/09/21 19:24:09:330 GMT]  WARN lettuce.MasterReplicaLettuceClient: Unable to connect to oboxturbo:6379
[16/09/21 19:24:09:330 GMT]  WARN lettuce.MasterReplicaLettuceClient: Unable to connect to oboxturbo:6379
[16/09/21 19:24:09:330 GMT]  WARN lettuce.MasterReplicaLettuceClient: io.lettuce.core.RedisConnectionException.create(RedisConnectionException.java:78)
[16/09/21 19:24:09:330 GMT]  WARN lettuce.MasterReplicaLettuceClient: redis unable to connect: com.dotmarketing.business.DotStateException: Unable to connect to oboxturbo:6379
[16/09/21 19:24:09:330 GMT]  WARN lettuce.MasterReplicaLettuceClient: Unable to connect to oboxturbo:6379
[16/09/21 19:24:09:330 GMT]  WARN lettuce.MasterReplicaLettuceClient: com.dotcms.cache.lettuce.MasterReplicaLettuceClient.lambda$15(MasterReplicaLettuceClient.java:930)
[16/09/21 19:24:09:335 GMT]  WARN lettuce.MasterReplicaLettuceClient: Unable to connect to oboxturbo:6379
[16/09/21 19:24:09:335 GMT]  WARN lettuce.MasterReplicaLettuceClient: Unable to connect to oboxturbo:6379
[16/09/21 19:24:09:335 GMT]  WARN lettuce.MasterReplicaLettuceClient: io.lettuce.core.RedisConnectionException.create(RedisConnectionException.java:78)
[16/09/21 19:24:09:335 GMT]  WARN lettuce.MasterReplicaLettuceClient: redis unable to connect: com.dotmarketing.business.DotStateException: Unable to connect to oboxturbo:6379
[16/09/21 19:24:09:335 GMT]  WARN lettuce.MasterReplicaLettuceClient: Unable to connect to oboxturbo:6379
[16/09/21 19:24:09:335 GMT]  WARN lettuce.MasterReplicaLettuceClient: com.dotcms.cache.lettuce.MasterReplicaLettuceClient.lambda$15(MasterReplicaLettuceClient.java:930)
[16/09/21 19:24:09:339 GMT]  WARN lettuce.MasterReplicaLettuceClient: Unable to connect to oboxturbo:6379
[16/09/21 19:24:09:339 GMT]  WARN lettuce.MasterReplicaLettuceClient: Unable to connect to oboxturbo:6379
[16/09/21 19:24:09:339 GMT]  WARN lettuce.MasterReplicaLettuceClient: io.lettuce.core.RedisConnectionException.create(RedisConnectionException.java:78)
[16/09/21 19:24:09:339 GMT]  WARN lettuce.MasterReplicaLettuceClient: redis unable to connect: com.dotmarketing.business.DotStateException: Unable to connect to oboxturbo:6379
[16/09/21 19:24:09:339 GMT]  WARN lettuce.MasterReplicaLettuceClient: Unable to connect to oboxturbo:6379
[16/09/21 19:24:09:339 GMT]  WARN lettuce.MasterReplicaLettuceClient: com.dotcms.cache.lettuce.MasterReplicaLettuceClient.lambda$15(MasterReplicaLettuceClient.java:930)
[16/09/21 19:24:09:339 GMT]  WARN lettuce.RedisCache: unable to determine key prefix
[16/09/21 19:24:09:343 GMT]  WARN lettuce.MasterReplicaLettuceClient: Unable to connect to oboxturbo:6379
[16/09/21 19:24:09:343 GMT]  WARN lettuce.MasterReplicaLettuceClient: Unable to connect to oboxturbo:6379
[16/09/21 19:24:09:343 GMT]  WARN lettuce.MasterReplicaLettuceClient: io.lettuce.core.RedisConnectionException.create(RedisConnectionException.java:78)
[16/09/21 19:24:09:343 GMT]  WARN lettuce.MasterReplicaLettuceClient: redis unable to connect: com.dotmarketing.business.DotStateException: Unable to connect to oboxturbo:6379
[16/09/21 19:24:09:343 GMT]  WARN lettuce.MasterReplicaLettuceClient: Unable to connect to oboxturbo:6379
[16/09/21 19:24:09:343 GMT]  WARN lettuce.MasterReplicaLettuceClient: com.dotcms.cache.lettuce.MasterReplicaLettuceClient.lambda$15(MasterReplicaLettuceClient.java:930)
[16/09/21 19:24:09:347 GMT]  WARN lettuce.MasterReplicaLettuceClient: Unable to connect to oboxturbo:6379
[16/09/21 19:24:09:347 GMT]  WARN lettuce.MasterReplicaLettuceClient: Unable to connect to oboxturbo:6379
[16/09/21 19:24:09:347 GMT]  WARN lettuce.MasterReplicaLettuceClient: io.lettuce.core.RedisConnectionException.create(RedisConnectionException.java:78)
[16/09/21 19:24:09:347 GMT]  WARN lettuce.MasterReplicaLettuceClient: redis unable to connect: com.dotmarketing.business.DotStateException: Unable to connect to oboxturbo:6379
[16/09/21 19:24:09:347 GMT]  WARN lettuce.MasterReplicaLettuceClient: Unable to connect to oboxturbo:6379
[16/09/21 19:24:09:347 GMT]  WARN lettuce.MasterReplicaLettuceClient: com.dotcms.cache.lettuce.MasterReplicaLettuceClient.lambda$15(MasterReplicaLettuceClient.java:930)
[16/09/21 19:24:09:352 GMT]  WARN lettuce.MasterReplicaLettuceClient: Unable to connect to oboxturbo:6379
[16/09/21 19:24:09:352 GMT]  WARN lettuce.MasterReplicaLettuceClient: Unable to connect to oboxturbo:6379
[16/09/21 19:24:09:352 GMT]  WARN lettuce.MasterReplicaLettuceClient: io.lettuce.core.RedisConnectionException.create(RedisConnectionException.java:78)
[16/09/21 19:24:09:352 GMT]  WARN lettuce.MasterReplicaLettuceClient: redis unable to connect: com.dotmarketing.business.DotStateException: Unable to connect to oboxturbo:6379
[16/09/21 19:24:09:352 GMT]  WARN lettuce.MasterReplicaLettuceClient: Unable to connect to oboxturbo:6379
[16/09/21 19:24:09:352 GMT]  WARN lettuce.MasterReplicaLettuceClient: com.dotcms.cache.lettuce.MasterReplicaLettuceClient.lambda$15(MasterReplicaLettuceClient.java:930)
[16/09/21 19:24:09:352 GMT]  WARN lettuce.RedisCache: unable to determine key prefix
[16/09/21 19:24:09:356 GMT]  WARN lettuce.MasterReplicaLettuceClient: Unable to connect to oboxturbo:6379
[16/09/21 19:24:09:356 GMT]  WARN lettuce.MasterReplicaLettuceClient: Unable to connect to oboxturbo:6379
[16/09/21 19:24:09:356 GMT]  WARN lettuce.MasterReplicaLettuceClient: io.lettuce.core.RedisConnectionException.create(RedisConnectionException.java:78)
[16/09/21 19:24:09:356 GMT]  WARN lettuce.MasterReplicaLettuceClient: redis unable to connect: com.dotmarketing.business.DotStateException: Unable to connect to oboxturbo:6379
[16/09/21 19:24:09:356 GMT]  WARN lettuce.MasterReplicaLettuceClient: Unable to connect to oboxturbo:6379
[16/09/21 19:24:09:356 GMT]  WARN lettuce.MasterReplicaLettuceClient: com.dotcms.cache.lettuce.MasterReplicaLettuceClient.lambda$15(MasterReplicaLettuceClient.java:930)
[16/09/21 19:24:09:361 GMT]  WARN lettuce.MasterReplicaLettuceClient: Unable to connect to oboxturbo:6379
[16/09/21 19:24:09:361 GMT]  WARN lettuce.MasterReplicaLettuceClient: Unable to connect to oboxturbo:6379
[16/09/21 19:24:09:361 GMT]  WARN lettuce.MasterReplicaLettuceClient: io.lettuce.core.RedisConnectionException.create(RedisConnectionException.java:78)
[16/09/21 19:24:09:361 GMT]  WARN lettuce.MasterReplicaLettuceClient: redis unable to connect: com.dotmarketing.business.DotStateException: Unable to connect to oboxturbo:6379
[16/09/21 19:24:09:361 GMT]  WARN lettuce.MasterReplicaLettuceClient: Unable to connect to oboxturbo:6379
[16/09/21 19:24:09:361 GMT]  WARN lettuce.MasterReplicaLettuceClient: com.dotcms.cache.lettuce.MasterReplicaLettuceClient.lambda$15(MasterReplicaLettuceClient.java:930)
[16/09/21 19:24:09:366 GMT]  WARN lettuce.MasterReplicaLettuceClient: Unable to connect to oboxturbo:6379
[16/09/21 19:24:09:366 GMT]  WARN lettuce.MasterReplicaLettuceClient: Unable to connect to oboxturbo:6379
[16/09/21 19:24:09:366 GMT]  WARN lettuce.MasterReplicaLettuceClient: io.lettuce.core.RedisConnectionException.create(RedisConnectionException.java:78)
[16/09/21 19:24:09:366 GMT]  WARN lettuce.MasterReplicaLettuceClient: redis unable to connect: com.dotmarketing.business.DotStateException: Unable to connect to oboxturbo:6379
[16/09/21 19:24:09:366 GMT]  WARN lettuce.MasterReplicaLettuceClient: Unable to connect to oboxturbo:6379
[16/09/21 19:24:09:366 GMT]  WARN lettuce.MasterReplicaLettuceClient: com.dotcms.cache.lettuce.MasterReplicaLettuceClient.lambda$15(MasterReplicaLettuceClient.java:930)
[16/09/21 19:24:09:366 GMT]  WARN lettuce.RedisCache: unable to determine key prefix
[16/09/21 19:24:09:370 GMT]  WARN lettuce.MasterReplicaLettuceClient: Unable to connect to oboxturbo:6379
[16/09/21 19:24:09:370 GMT]  WARN lettuce.MasterReplicaLettuceClient: Unable to connect to oboxturbo:6379
[16/09/21 19:24:09:370 GMT]  WARN lettuce.MasterReplicaLettuceClient: io.lettuce.core.RedisConnectionException.create(RedisConnectionException.java:78)
[16/09/21 19:24:09:370 GMT]  WARN lettuce.MasterReplicaLettuceClient: redis unable to connect: com.dotmarketing.business.DotStateException: Unable to connect to oboxturbo:6379
[16/09/21 19:24:09:370 GMT]  WARN lettuce.MasterReplicaLettuceClient: Unable to connect to oboxturbo:6379
[16/09/21 19:24:09:370 GMT]  WARN lettuce.MasterReplicaLettuceClient: com.dotcms.cache.lettuce.MasterReplicaLettuceClient.lambda$15(MasterReplicaLettuceClient.java:930)
[16/09/21 19:24:09:374 GMT]  WARN lettuce.MasterReplicaLettuceClient: Unable to connect to oboxturbo:6379
[16/09/21 19:24:09:374 GMT]  WARN lettuce.MasterReplicaLettuceClient: Unable to connect to oboxturbo:6379
[16/09/21 19:24:09:374 GMT]  WARN lettuce.MasterReplicaLettuceClient: io.lettuce.core.RedisConnectionException.create(RedisConnectionException.java:78)
[16/09/21 19:24:09:374 GMT]  WARN lettuce.MasterReplicaLettuceClient: redis unable to connect: com.dotmarketing.business.DotStateException: Unable to connect to oboxturbo:6379
[16/09/21 19:24:09:374 GMT]  WARN lettuce.MasterReplicaLettuceClient: Unable to connect to oboxturbo:6379
[16/09/21 19:24:09:374 GMT]  WARN lettuce.MasterReplicaLettuceClient: com.dotcms.cache.lettuce.MasterReplicaLettuceClient.lambda$15(MasterReplicaLettuceClient.java:930)
[16/09/21 19:24:09:378 GMT]  WARN lettuce.MasterReplicaLettuceClient: Unable to connect to oboxturbo:6379
[16/09/21 19:24:09:378 GMT]  WARN lettuce.MasterReplicaLettuceClient: Unable to connect to oboxturbo:6379
[16/09/21 19:24:09:378 GMT]  WARN lettuce.MasterReplicaLettuceClient: io.lettuce.core.RedisConnectionException.create(RedisConnectionException.java:78)
[16/09/21 19:24:09:378 GMT]  WARN lettuce.MasterReplicaLettuceClient: redis unable to connect: com.dotmarketing.business.DotStateException: Unable to connect to oboxturbo:6379
[16/09/21 19:24:09:378 GMT]  WARN lettuce.MasterReplicaLettuceClient: Unable to connect to oboxturbo:6379
[16/09/21 19:24:09:378 GMT]  WARN lettuce.MasterReplicaLettuceClient: com.dotcms.cache.lettuce.MasterReplicaLettuceClient.lambda$15(MasterReplicaLettuceClient.java:930)
[16/09/21 19:24:09:378 GMT]  WARN lettuce.RedisCache: unable to determine key prefix
[16/09/21 19:24:09:384 GMT]  WARN lettuce.MasterReplicaLettuceClient: Unable to connect to oboxturbo:6379
[16/09/21 19:24:09:384 GMT]  WARN lettuce.MasterReplicaLettuceClient: Unable to connect to oboxturbo:6379
[16/09/21 19:24:09:384 GMT]  WARN lettuce.MasterReplicaLettuceClient: io.lettuce.core.RedisConnectionException.create(RedisConnectionException.java:78)
[16/09/21 19:24:09:385 GMT]  WARN lettuce.MasterReplicaLettuceClient: redis unable to connect: com.dotmarketing.business.DotStateException: Unable to connect to oboxturbo:6379
[16/09/21 19:24:09:385 GMT]  WARN lettuce.MasterReplicaLettuceClient: Unable to connect to oboxturbo:6379
[16/09/21 19:24:09:385 GMT]  WARN lettuce.MasterReplicaLettuceClient: com.dotcms.cache.lettuce.MasterReplicaLettuceClient.lambda$15(MasterReplicaLettuceClient.java:930)
[16/09/21 19:24:09:389 GMT]  WARN lettuce.MasterReplicaLettuceClient: Unable to connect to oboxturbo:6379
[16/09/21 19:24:09:389 GMT]  WARN lettuce.MasterReplicaLettuceClient: Unable to connect to oboxturbo:6379
[16/09/21 19:24:09:390 GMT]  WARN lettuce.MasterReplicaLettuceClient: io.lettuce.core.RedisConnectionException.create(RedisConnectionException.java:78)
[16/09/21 19:24:09:390 GMT]  WARN lettuce.MasterReplicaLettuceClient: redis unable to connect: com.dotmarketing.business.DotStateException: Unable to connect to oboxturbo:6379
[16/09/21 19:24:09:390 GMT]  WARN lettuce.MasterReplicaLettuceClient: Unable to connect to oboxturbo:6379
[16/09/21 19:24:09:390 GMT]  WARN lettuce.MasterReplicaLettuceClient: com.dotcms.cache.lettuce.MasterReplicaLettuceClient.lambda$15(MasterReplicaLettuceClient.java:930)
[16/09/21 19:24:09:396 GMT]  WARN lettuce.MasterReplicaLettuceClient: Unable to connect to oboxturbo:6379
[16/09/21 19:24:09:396 GMT]  WARN lettuce.MasterReplicaLettuceClient: Unable to connect to oboxturbo:6379
[16/09/21 19:24:09:396 GMT]  WARN lettuce.MasterReplicaLettuceClient: io.lettuce.core.RedisConnectionException.create(RedisConnectionException.java:78)
[16/09/21 19:24:09:396 GMT]  WARN lettuce.MasterReplicaLettuceClient: redis unable to connect: com.dotmarketing.business.DotStateException: Unable to connect to oboxturbo:6379
[16/09/21 19:24:09:396 GMT]  WARN lettuce.MasterReplicaLettuceClient: Unable to connect to oboxturbo:6379
[16/09/21 19:24:09:397 GMT]  WARN lettuce.MasterReplicaLettuceClient: com.dotcms.cache.lettuce.MasterReplicaLettuceClient.lambda$15(MasterReplicaLettuceClient.java:930)
[16/09/21 19:24:09:397 GMT]  WARN lettuce.RedisCache: unable to determine key prefix
[16/09/21 19:24:09:401 GMT]  WARN lettuce.MasterReplicaLettuceClient: Unable to connect to oboxturbo:6379
[16/09/21 19:24:09:401 GMT]  WARN lettuce.MasterReplicaLettuceClient: Unable to connect to oboxturbo:6379
[16/09/21 19:24:09:401 GMT]  WARN lettuce.MasterReplicaLettuceClient: io.lettuce.core.RedisConnectionException.create(RedisConnectionException.java:78)
[16/09/21 19:24:09:401 GMT]  WARN lettuce.MasterReplicaLettuceClient: redis unable to connect: com.dotmarketing.business.DotStateException: Unable to connect to oboxturbo:6379
[16/09/21 19:24:09:401 GMT]  WARN lettuce.MasterReplicaLettuceClient: Unable to connect to oboxturbo:6379
[16/09/21 19:24:09:401 GMT]  WARN lettuce.MasterReplicaLettuceClient: com.dotcms.cache.lettuce.MasterReplicaLettuceClient.lambda$15(MasterReplicaLettuceClient.java:930)
[16/09/21 19:24:09:406 GMT]  WARN lettuce.MasterReplicaLettuceClient: Unable to connect to oboxturbo:6379
[16/09/21 19:24:09:406 GMT]  WARN lettuce.MasterReplicaLettuceClient: Unable to connect to oboxturbo:6379
[16/09/21 19:24:09:406 GMT]  WARN lettuce.MasterReplicaLettuceClient: io.lettuce.core.RedisConnectionException.create(RedisConnectionException.java:78)
[16/09/21 19:24:09:406 GMT]  WARN lettuce.MasterReplicaLettuceClient: redis unable to connect: com.dotmarketing.business.DotStateException: Unable to connect to oboxturbo:6379
[16/09/21 19:24:09:406 GMT]  WARN lettuce.MasterReplicaLettuceClient: Unable to connect to oboxturbo:6379
[16/09/21 19:24:09:406 GMT]  WARN lettuce.MasterReplicaLettuceClient: com.dotcms.cache.lettuce.MasterReplicaLettuceClient.lambda$15(MasterReplicaLettuceClient.java:930)
[16/09/21 19:24:09:410 GMT]  WARN lettuce.MasterReplicaLettuceClient: Unable to connect to oboxturbo:6379
[16/09/21 19:24:09:410 GMT]  WARN lettuce.MasterReplicaLettuceClient: Unable to connect to oboxturbo:6379
[16/09/21 19:24:09:410 GMT]  WARN lettuce.MasterReplicaLettuceClient: io.lettuce.core.RedisConnectionException.create(RedisConnectionException.java:78)
[16/09/21 19:24:09:410 GMT]  WARN lettuce.MasterReplicaLettuceClient: redis unable to connect: com.dotmarketing.business.DotStateException: Unable to connect to oboxturbo:6379
[16/09/21 19:24:09:410 GMT]  WARN lettuce.MasterReplicaLettuceClient: Unable to connect to oboxturbo:6379
[16/09/21 19:24:09:410 GMT]  WARN lettuce.MasterReplicaLettuceClient: com.dotcms.cache.lettuce.MasterReplicaLettuceClient.lambda$15(MasterReplicaLettuceClient.java:930)
[16/09/21 19:24:09:410 GMT]  WARN lettuce.RedisCache: unable to determine key prefix
[16/09/21 19:24:09:414 GMT]  WARN lettuce.MasterReplicaLettuceClient: Unable to connect to oboxturbo:6379
[16/09/21 19:24:09:414 GMT]  WARN lettuce.MasterReplicaLettuceClient: Unable to connect to oboxturbo:6379
[16/09/21 19:24:09:414 GMT]  WARN lettuce.MasterReplicaLettuceClient: io.lettuce.core.RedisConnectionException.create(RedisConnectionException.java:78)
[16/09/21 19:24:09:414 GMT]  WARN lettuce.MasterReplicaLettuceClient: redis unable to connect: com.dotmarketing.business.DotStateException: Unable to connect to oboxturbo:6379
[16/09/21 19:24:09:414 GMT]  WARN lettuce.MasterReplicaLettuceClient: Unable to connect to oboxturbo:6379
[16/09/21 19:24:09:414 GMT]  WARN lettuce.MasterReplicaLettuceClient: com.dotcms.cache.lettuce.MasterReplicaLettuceClient.lambda$15(MasterReplicaLettuceClient.java:930)
[16/09/21 19:24:09:414 GMT]  INFO junit.RuleWatcher: >>>>>>>>>>>>>>>>>>>>>>>>>>
[16/09/21 19:24:09:414 GMT]  INFO junit.RuleWatcher: >>> test_cache_key_generation(com.dotcms.cache.lettuce.LettuceCacheTest) - starting...
[16/09/21 19:24:09:414 GMT]  INFO junit.RuleWatcher: >>>>>>>>>>>>>>>>>>>>>>>>>>
[16/09/21 19:24:09:419 GMT]  WARN lettuce.MasterReplicaLettuceClient: Unable to connect to oboxturbo:6379
[16/09/21 19:24:09:419 GMT]  WARN lettuce.MasterReplicaLettuceClient: Unable to connect to oboxturbo:6379
[16/09/21 19:24:09:420 GMT]  WARN lettuce.MasterReplicaLettuceClient: io.lettuce.core.RedisConnectionException.create(RedisConnectionException.java:78)
[16/09/21 19:24:09:420 GMT]  WARN lettuce.MasterReplicaLettuceClient: redis unable to connect: com.dotmarketing.business.DotStateException: Unable to connect to oboxturbo:6379
[16/09/21 19:24:09:420 GMT]  WARN lettuce.MasterReplicaLettuceClient: Unable to connect to oboxturbo:6379
[16/09/21 19:24:09:420 GMT]  WARN lettuce.MasterReplicaLettuceClient: com.dotcms.cache.lettuce.MasterReplicaLettuceClient.lambda$15(MasterReplicaLettuceClient.java:930)
[16/09/21 19:24:09:424 GMT]  WARN lettuce.MasterReplicaLettuceClient: Unable to connect to oboxturbo:6379
[16/09/21 19:24:09:424 GMT]  WARN lettuce.MasterReplicaLettuceClient: Unable to connect to oboxturbo:6379
[16/09/21 19:24:09:424 GMT]  WARN lettuce.MasterReplicaLettuceClient: io.lettuce.core.RedisConnectionException.create(RedisConnectionException.java:78)
[16/09/21 19:24:09:424 GMT]  WARN lettuce.MasterReplicaLettuceClient: redis unable to connect: com.dotmarketing.business.DotStateException: Unable to connect to oboxturbo:6379
[16/09/21 19:24:09:424 GMT]  WARN lettuce.MasterReplicaLettuceClient: Unable to connect to oboxturbo:6379
[16/09/21 19:24:09:424 GMT]  WARN lettuce.MasterReplicaLettuceClient: com.dotcms.cache.lettuce.MasterReplicaLettuceClient.lambda$15(MasterReplicaLettuceClient.java:930)
[16/09/21 19:24:09:424 GMT]  WARN lettuce.RedisCache: unable to determine key prefix
[16/09/21 19:24:09:429 GMT]  WARN lettuce.MasterReplicaLettuceClient: Unable to connect to oboxturbo:6379
[16/09/21 19:24:09:429 GMT]  WARN lettuce.MasterReplicaLettuceClient: Unable to connect to oboxturbo:6379
[16/09/21 19:24:09:429 GMT]  WARN lettuce.MasterReplicaLettuceClient: io.lettuce.core.RedisConnectionException.create(RedisConnectionException.java:78)
[16/09/21 19:24:09:429 GMT]  WARN lettuce.MasterReplicaLettuceClient: redis unable to connect: com.dotmarketing.business.DotStateException: Unable to connect to oboxturbo:6379
[16/09/21 19:24:09:429 GMT]  WARN lettuce.MasterReplicaLettuceClient: Unable to connect to oboxturbo:6379
[16/09/21 19:24:09:429 GMT]  WARN lettuce.MasterReplicaLettuceClient: com.dotcms.cache.lettuce.MasterReplicaLettuceClient.lambda$15(MasterReplicaLettuceClient.java:930)
[16/09/21 19:24:09:433 GMT]  WARN lettuce.MasterReplicaLettuceClient: Unable to connect to oboxturbo:6379
[16/09/21 19:24:09:433 GMT]  WARN lettuce.MasterReplicaLettuceClient: Unable to connect to oboxturbo:6379
[16/09/21 19:24:09:433 GMT]  WARN lettuce.MasterReplicaLettuceClient: io.lettuce.core.RedisConnectionException.create(RedisConnectionException.java:78)
[16/09/21 19:24:09:433 GMT]  WARN lettuce.MasterReplicaLettuceClient: redis unable to connect: com.dotmarketing.business.DotStateException: Unable to connect to oboxturbo:6379
[16/09/21 19:24:09:433 GMT]  WARN lettuce.MasterReplicaLettuceClient: Unable to connect to oboxturbo:6379
[16/09/21 19:24:09:434 GMT]  WARN lettuce.MasterReplicaLettuceClient: com.dotcms.cache.lettuce.MasterReplicaLettuceClient.lambda$15(MasterReplicaLettuceClient.java:930)
[16/09/21 19:24:09:434 GMT]  WARN lettuce.RedisCache: unable to determine key prefix
[16/09/21 19:24:09:438 GMT]  WARN lettuce.MasterReplicaLettuceClient: Unable to connect to oboxturbo:6379
[16/09/21 19:24:09:438 GMT]  WARN lettuce.MasterReplicaLettuceClient: Unable to connect to oboxturbo:6379
[16/09/21 19:24:09:438 GMT]  WARN lettuce.MasterReplicaLettuceClient: io.lettuce.core.RedisConnectionException.create(RedisConnectionException.java:78)
[16/09/21 19:24:09:438 GMT]  WARN lettuce.MasterReplicaLettuceClient: redis unable to connect: com.dotmarketing.business.DotStateException: Unable to connect to oboxturbo:6379
[16/09/21 19:24:09:438 GMT]  WARN lettuce.MasterReplicaLettuceClient: Unable to connect to oboxturbo:6379
[16/09/21 19:24:09:438 GMT]  WARN lettuce.MasterReplicaLettuceClient: com.dotcms.cache.lettuce.MasterReplicaLettuceClient.lambda$15(MasterReplicaLettuceClient.java:930)
[16/09/21 19:24:09:442 GMT]  WARN lettuce.MasterReplicaLettuceClient: Unable to connect to oboxturbo:6379
[16/09/21 19:24:09:442 GMT]  WARN lettuce.MasterReplicaLettuceClient: Unable to connect to oboxturbo:6379
[16/09/21 19:24:09:442 GMT]  WARN lettuce.MasterReplicaLettuceClient: io.lettuce.core.RedisConnectionException.create(RedisConnectionException.java:78)
[16/09/21 19:24:09:442 GMT]  WARN lettuce.MasterReplicaLettuceClient: redis unable to connect: com.dotmarketing.business.DotStateException: Unable to connect to oboxturbo:6379
[16/09/21 19:24:09:442 GMT]  WARN lettuce.MasterReplicaLettuceClient: Unable to connect to oboxturbo:6379
[16/09/21 19:24:09:442 GMT]  WARN lettuce.MasterReplicaLettuceClient: com.dotcms.cache.lettuce.MasterReplicaLettuceClient.lambda$15(MasterReplicaLettuceClient.java:930)
[16/09/21 19:24:09:442 GMT]  WARN lettuce.RedisCache: unable to determine key prefix
[16/09/21 19:24:09:446 GMT]  WARN lettuce.MasterReplicaLettuceClient: Unable to connect to oboxturbo:6379
[16/09/21 19:24:09:446 GMT]  WARN lettuce.MasterReplicaLettuceClient: Unable to connect to oboxturbo:6379
[16/09/21 19:24:09:446 GMT]  WARN lettuce.MasterReplicaLettuceClient: io.lettuce.core.RedisConnectionException.create(RedisConnectionException.java:78)
[16/09/21 19:24:09:446 GMT]  WARN lettuce.MasterReplicaLettuceClient: redis unable to connect: com.dotmarketing.business.DotStateException: Unable to connect to oboxturbo:6379
[16/09/21 19:24:09:446 GMT]  WARN lettuce.MasterReplicaLettuceClient: Unable to connect to oboxturbo:6379
[16/09/21 19:24:09:446 GMT]  WARN lettuce.MasterReplicaLettuceClient: com.dotcms.cache.lettuce.MasterReplicaLettuceClient.lambda$15(MasterReplicaLettuceClient.java:930)
[16/09/21 19:24:09:450 GMT]  WARN lettuce.MasterReplicaLettuceClient: Unable to connect to oboxturbo:6379
[16/09/21 19:24:09:450 GMT]  WARN lettuce.MasterReplicaLettuceClient: Unable to connect to oboxturbo:6379
[16/09/21 19:24:09:450 GMT]  WARN lettuce.MasterReplicaLettuceClient: io.lettuce.core.RedisConnectionException.create(RedisConnectionException.java:78)
[16/09/21 19:24:09:450 GMT]  WARN lettuce.MasterReplicaLettuceClient: redis unable to connect: com.dotmarketing.business.DotStateException: Unable to connect to oboxturbo:6379
[16/09/21 19:24:09:450 GMT]  WARN lettuce.MasterReplicaLettuceClient: Unable to connect to oboxturbo:6379
[16/09/21 19:24:09:450 GMT]  WARN lettuce.MasterReplicaLettuceClient: com.dotcms.cache.lettuce.MasterReplicaLettuceClient.lambda$15(MasterReplicaLettuceClient.java:930)
[16/09/21 19:24:09:450 GMT]  WARN lettuce.RedisCache: unable to determine key prefix
[16/09/21 19:24:09:459 GMT]  INFO junit.RuleWatcher: >>>>>>>>>>>>>>>>>>>>>>>>>>
[16/09/21 19:24:09:459 GMT]  INFO junit.RuleWatcher: >>> test_adding_removing_topics(com.dotcms.dotpubsub.RedisPubSubImplTest) - starting...
[16/09/21 19:24:09:459 GMT]  INFO junit.RuleWatcher: >>>>>>>>>>>>>>>>>>>>>>>>>>
[16/09/21 19:24:09:693 GMT]  INFO junit.RuleWatcher: >>>>>>>>>>>>>>>>>>>>>>>>>>
[16/09/21 19:24:09:693 GMT]  INFO junit.RuleWatcher: >>> test_publisher(com.dotcms.dotpubsub.RedisPubSubImplTest) - starting...
[16/09/21 19:24:09:693 GMT]  INFO junit.RuleWatcher: >>>>>>>>>>>>>>>>>>>>>>>>>>
